#
# There is insufficient memory for the Java Runtime Environment to continue.
# Native memory allocation (malloc) failed to allocate 1319216 bytes for Chunk::new
# Possible reasons:
#   The system is out of physical RAM or swap space
#   The process is running with CompressedOops enabled, and the Java Heap may be blocking the growth of the native heap
# Possible solutions:
#   Reduce memory load on the system
#   Increase physical memory or swap space
#   Check if swap backing store is full
#   Decrease Java heap size (-Xmx/-Xms)
#   Decrease number of Java threads
#   Decrease Java thread stack sizes (-Xss)
#   Set larger code cache with -XX:ReservedCodeCacheSize=
#   JVM is running with Unscaled Compressed Oops mode in which the Java heap is
#     placed in the first 4GB address space. The Java Heap base address is the
#     maximum limit for the native heap growth. Please use -XX:HeapBaseMinAddress
#     to set the Java Heap base and to place the Java Heap above 4GB virtual address.
# This output file may be truncated or incomplete.
#
#  Out of Memory Error (./src/hotspot/share/memory/arena.cpp:197), pid=5376, tid=4232
#
# JRE version: OpenJDK Runtime Environment (11.0.8+10) (build 11.0.8+10-b944.6842174)
# Java VM: OpenJDK 64-Bit Server VM (11.0.8+10-b944.6842174, mixed mode, tiered, compressed oops, g1 gc, windows-amd64)
# No core dump will be written. Minidumps are not enabled by default on client versions of Windows
#

---------------  S U M M A R Y ------------

Command Line: --add-opens=java.base/java.util=ALL-UNNAMED --add-opens=java.base/java.lang=ALL-UNNAMED --add-opens=java.base/java.lang.invoke=ALL-UNNAMED --add-opens=java.prefs/java.util.prefs=ALL-UNNAMED -Xmx2048m -Dfile.encoding=UTF-8 -Duser.country=RU -Duser.language=ru -Duser.variant org.gradle.launcher.daemon.bootstrap.GradleDaemon 6.7.1

Host: Intel(R) Pentium(R) CPU        P6200  @ 2.13GHz, 2 cores, 2G,  Windows 7 , 64 bit Build 7601 (6.1.7601.18015)
Time: Sun Jan  2 19:35:04 2022 Caiaaiay Acey (ceia) elapsed time: 158 seconds (0d 0h 2m 38s)

---------------  T H R E A D  ---------------

Current thread (0x000000005d34e800):  JavaThread "C2 CompilerThread0" daemon [_thread_in_native, id=4232, stack(0x000000005dc10000,0x000000005dd10000)]


Current CompileTask:
C2: 158760 17068 %     4       com.android.tools.r8.C.a.a.f::a @ 2436 (4333 bytes)

Stack: [0x000000005dc10000,0x000000005dd10000]
Native frames: (J=compiled Java code, j=interpreted, Vv=VM code, C=native code)
V  [jvm.dll+0x5de50a]
V  [jvm.dll+0x7122f5]
V  [jvm.dll+0x71384d]
V  [jvm.dll+0x713f03]
V  [jvm.dll+0x23e728]
V  [jvm.dll+0xb899c]
V  [jvm.dll+0xb8e9c]
V  [jvm.dll+0x35020b]
V  [jvm.dll+0x31dea3]
V  [jvm.dll+0x31d39a]
V  [jvm.dll+0x1f7702]
V  [jvm.dll+0x1f68d4]
V  [jvm.dll+0x17f32c]
V  [jvm.dll+0x205047]
V  [jvm.dll+0x203891]
V  [jvm.dll+0x6dad3f]
V  [jvm.dll+0x6d3895]
V  [jvm.dll+0x5dd4a6]
C  [ucrtbase.DLL+0x6be1d]
C  [kernel32.dll+0x1652d]
C  [ntdll.dll+0x2c521]


---------------  P R O C E S S  ---------------

Threads class SMR info:
_java_thread_list=0x0000000063d23bf0, length=48, elements={
0x0000000000243000, 0x000000005d32c800, 0x000000005d32e800, 0x000000005d348800,
0x000000005d34b800, 0x000000005d34e800, 0x000000005d354800, 0x000000005d35f000,
0x000000005e13a800, 0x000000005e174000, 0x0000000060b89800, 0x000000005f8d5000,
0x00000000602a1000, 0x0000000060498000, 0x0000000060153000, 0x00000000601c5000,
0x00000000601c5800, 0x00000000601c6800, 0x00000000601ca800, 0x00000000608d9800,
0x0000000063f0a000, 0x0000000063f06000, 0x0000000063f07800, 0x0000000063f08800,
0x0000000063f0b800, 0x0000000063f0b000, 0x0000000063f0c800, 0x00000000608e0000,
0x00000000608de000, 0x00000000608df000, 0x00000000608dd800, 0x00000000608dc800,
0x00000000644dd000, 0x00000000644de000, 0x000000005f561000, 0x000000005f562000,
0x000000005f563000, 0x000000005f563800, 0x000000005f564800, 0x000000005f565800,
0x000000005f566000, 0x000000005f567000, 0x0000000070461000, 0x0000000070461800,
0x0000000070462800, 0x0000000070463800, 0x00000000644dc800, 0x00000000644d7800
}

Java Threads: ( => current thread )
  0x0000000000243000 JavaThread "main" [_thread_blocked, id=6080, stack(0x0000000001f70000,0x0000000002070000)]
  0x000000005d32c800 JavaThread "Reference Handler" daemon [_thread_blocked, id=3684, stack(0x000000005d630000,0x000000005d730000)]
  0x000000005d32e800 JavaThread "Finalizer" daemon [_thread_blocked, id=836, stack(0x000000001c7e0000,0x000000001c8e0000)]
  0x000000005d348800 JavaThread "Signal Dispatcher" daemon [_thread_blocked, id=5196, stack(0x000000005d830000,0x000000005d930000)]
  0x000000005d34b800 JavaThread "Attach Listener" daemon [_thread_blocked, id=5384, stack(0x000000005d9e0000,0x000000005dae0000)]
=>0x000000005d34e800 JavaThread "C2 CompilerThread0" daemon [_thread_in_native, id=4232, stack(0x000000005dc10000,0x000000005dd10000)]
  0x000000005d354800 JavaThread "C1 CompilerThread0" daemon [_thread_blocked, id=1588, stack(0x000000005ddc0000,0x000000005dec0000)]
  0x000000005d35f000 JavaThread "Sweeper thread" daemon [_thread_in_vm, id=5580, stack(0x000000005dfb0000,0x000000005e0b0000)]
  0x000000005e13a800 JavaThread "Common-Cleaner" daemon [_thread_blocked, id=5716, stack(0x000000005d730000,0x000000005d830000)]
  0x000000005e174000 JavaThread "Service Thread" daemon [_thread_blocked, id=5780, stack(0x000000005e570000,0x000000005e670000)]
  0x0000000060b89800 JavaThread "Daemon health stats" [_thread_blocked, id=5844, stack(0x00000000618c0000,0x00000000619c0000)]
  0x000000005f8d5000 JavaThread "Incoming local TCP Connector on port 64672" [_thread_in_native, id=5244, stack(0x0000000061f00000,0x0000000062000000)]
  0x00000000602a1000 JavaThread "Daemon periodic checks" [_thread_blocked, id=5644, stack(0x00000000617c0000,0x00000000618c0000)]
  0x0000000060498000 JavaThread "Daemon" [_thread_blocked, id=3240, stack(0x0000000062450000,0x0000000062550000)]
  0x0000000060153000 JavaThread "Daemon worker" [_thread_blocked, id=5752, stack(0x0000000062790000,0x0000000062890000)]
  0x00000000601c5000 JavaThread "Cache worker for file hash cache (C:\Users\Sarbador\.gradle\caches\6.7.1\fileHashes)" [_thread_blocked, id=5228, stack(0x00000000628a0000,0x00000000629a0000)]
  0x00000000601c5800 JavaThread "File lock request listener" [_thread_in_native, id=2060, stack(0x0000000063030000,0x0000000063130000)]
  0x00000000601c6800 JavaThread "Cache worker for journal cache (C:\Users\Sarbador\.gradle\caches\journal-1)" [_thread_blocked, id=5920, stack(0x00000000633b0000,0x00000000634b0000)]
  0x00000000601ca800 JavaThread "Cache worker for execution history cache (C:\Users\Sarbador\.gradle\caches\6.7.1\executionHistory)" [_thread_blocked, id=4408, stack(0x00000000651d0000,0x00000000652d0000)]
  0x00000000608d9800 JavaThread "Cache worker for file content cache (C:\Users\Sarbador\.gradle\caches\6.7.1\fileContent)" [_thread_blocked, id=5680, stack(0x0000000065b30000,0x0000000065c30000)]
  0x0000000063f0a000 JavaThread "Memory manager" [_thread_blocked, id=6596, stack(0x000000006fde0000,0x000000006fee0000)]
  0x0000000063f06000 JavaThread "Handler for socket connection from /127.0.0.1:64672 to /127.0.0.1:64689" [_thread_in_native, id=7140, stack(0x0000000062340000,0x0000000062440000)]
  0x0000000063f07800 JavaThread "Cancel handler" [_thread_blocked, id=7144, stack(0x0000000061e00000,0x0000000061f00000)]
  0x0000000063f08800 JavaThread "Asynchronous log dispatcher for DefaultDaemonConnection: socket connection from /127.0.0.1:64672 to /127.0.0.1:64689" [_thread_blocked, id=7152, stack(0x000000005db00000,0x000000005dc00000)]
  0x0000000063f0b800 JavaThread "Thread-147" [_thread_blocked, id=7164, stack(0x0000000062ac0000,0x0000000062bc0000)]
  0x0000000063f0b000 JavaThread "Cache worker for file hash cache (C:\Users\Sarbador\AndroidStudioProjects\Tree\.gradle\6.7.1\fileHashes)" [_thread_blocked, id=6572, stack(0x0000000064b70000,0x0000000064c70000)]
  0x0000000063f0c800 JavaThread "Cache worker for checksums cache (C:\Users\Sarbador\AndroidStudioProjects\Tree\.gradle\checksums)" [_thread_blocked, id=6576, stack(0x0000000062bc0000,0x0000000062cc0000)]
  0x00000000608e0000 JavaThread "Cache worker for cache directory md-supplier (C:\Users\Sarbador\.gradle\caches\6.7.1\md-supplier)" [_thread_blocked, id=716, stack(0x0000000062670000,0x0000000062770000)]
  0x00000000608de000 JavaThread "Cache worker for cache directory md-rule (C:\Users\Sarbador\.gradle\caches\6.7.1\md-rule)" [_thread_blocked, id=6584, stack(0x0000000064d30000,0x0000000064e30000)]
  0x00000000608df000 JavaThread "Cache worker for Build Output Cleanup Cache (C:\Users\Sarbador\AndroidStudioProjects\Tree\.gradle\buildOutputCleanup)" [_thread_blocked, id=6592, stack(0x00000000657c0000,0x00000000658c0000)]
  0x00000000608dd800 JavaThread "Build operations" [_thread_blocked, id=6604, stack(0x0000000066680000,0x0000000066780000)]
  0x00000000608dc800 JavaThread "Build operations Thread 2" [_thread_blocked, id=6608, stack(0x0000000066780000,0x0000000066880000)]
  0x00000000644dd000 JavaThread "build event listener" [_thread_blocked, id=5748, stack(0x000000006fce0000,0x000000006fde0000)]
  0x00000000644de000 JavaThread "build event listener" [_thread_blocked, id=7076, stack(0x0000000072ad0000,0x0000000072bd0000)]
  0x000000005f561000 JavaThread "Execution worker for ':'" [_thread_blocked, id=7080, stack(0x0000000074080000,0x0000000074180000)]
  0x000000005f562000 JavaThread "Cache worker for execution history cache (C:\Users\Sarbador\AndroidStudioProjects\Tree\.gradle\6.7.1\executionHistory)" [_thread_blocked, id=5180, stack(0x0000000074690000,0x0000000074790000)]
  0x000000005f563000 JavaThread "WorkerExecutor Queue" [_thread_in_Java, id=6288, stack(0x0000000074810000,0x0000000074910000)]
  0x000000005f563800 JavaThread "WorkerExecutor Queue Thread 2" [_thread_blocked, id=6256, stack(0x0000000074930000,0x0000000074a30000)]
  0x000000005f564800 JavaThread "pool-7-thread-1" [_thread_blocked, id=6360, stack(0x0000000076240000,0x0000000076340000)]
  0x000000005f565800 JavaThread "stderr" [_thread_in_native, id=1108, stack(0x000000006eeb0000,0x000000006efb0000)]
  0x000000005f566000 JavaThread "stdout" [_thread_in_native, id=6380, stack(0x00000000764c0000,0x00000000765c0000)]
  0x000000005f567000 JavaThread "RMI Scheduler(0)" daemon [_thread_blocked, id=7004, stack(0x0000000076af0000,0x0000000076bf0000)]
  0x0000000070461000 JavaThread "RMI GC Daemon" daemon [_thread_blocked, id=6296, stack(0x0000000076e30000,0x0000000076f30000)]
  0x0000000070461800 JavaThread "RMI TCP Accept-0" daemon [_thread_in_native, id=6272, stack(0x00000000769d0000,0x0000000076ad0000)]
  0x0000000070462800 JavaThread "RMI Reaper" [_thread_blocked, id=6264, stack(0x00000000776f0000,0x00000000777f0000)]
  0x0000000070463800 JavaThread "RMI TCP Connection(2)-127.0.0.1" daemon [_thread_in_native, id=6232, stack(0x000000006eaf0000,0x000000006ebf0000)]
  0x00000000644dc800 JavaThread "Cache worker for Java compile cache (C:\Users\Sarbador\.gradle\caches\6.7.1\javaCompile)" [_thread_blocked, id=6404, stack(0x00000000629c0000,0x0000000062ac0000)]
  0x00000000644d7800 JavaThread "Cache worker for Java compile cache (C:\Users\Sarbador\AndroidStudioProjects\Tree\.gradle\6.7.1\javaCompile)" [_thread_blocked, id=6192, stack(0x0000000062560000,0x0000000062660000)]

Other Threads:
  0x000000005d328000 VMThread "VM Thread" [stack: 0x000000005d510000,0x000000005d610000] [id=1120]
  0x000000005e178000 WatcherThread [stack: 0x000000005e7f0000,0x000000005e8f0000] [id=940]
  0x000000000025d000 GCTaskThread "GC Thread#0" [stack: 0x00000000150d0000,0x00000000151d0000] [id=5388]
  0x000000005e20a000 GCTaskThread "GC Thread#1" [stack: 0x000000005e9d0000,0x000000005ead0000] [id=3632]
  0x000000000028e800 ConcurrentGCThread "G1 Main Marker" [stack: 0x000000001a0e0000,0x000000001a1e0000] [id=5768]
  0x0000000000290800 ConcurrentGCThread "G1 Conc#0" [stack: 0x000000001a390000,0x000000001a490000] [id=2412]
  0x00000000002c7800 ConcurrentGCThread "G1 Refine#0" [stack: 0x000000001c6a0000,0x000000001c7a0000] [id=3968]
  0x00000000002c8800 ConcurrentGCThread "G1 Young RemSet Sampling" [stack: 0x000000001c960000,0x000000001ca60000] [id=1872]

Threads with active compile tasks:
C2 CompilerThread0 158833 17068 %     4       com.android.tools.r8.C.a.a.f::a @ 2436 (4333 bytes)

VM state:not at safepoint (normal execution)

VM Mutex/Monitor currently owned by a thread:  ([mutex/lock_event])
[0x0000000000240bc0] CompiledIC_lock - owner thread: 0x000000005d35f000

Heap address: 0x0000000080000000, size: 2048 MB, Compressed Oops mode: 32-bit
Narrow klass base: 0x0000000000000000, Narrow klass shift: 0
Compressed class space size: 1073741824 Address: 0x000000001ca60000

Heap:
 garbage-first heap   total 304128K, used 214057K [0x0000000080000000, 0x0000000100000000)
  region size 1024K, 115 young (117760K), 11 survivors (11264K)
 Metaspace       used 110590K, capacity 113196K, committed 113276K, reserved 1148928K
  class space    used 13609K, capacity 14552K, committed 14592K, reserved 1048576K
Heap Regions: E=young(eden), S=young(survivor), O=old, HS=humongous(starts), HC=humongous(continues), CS=collection set, F=free, A=archive, TAMS=top-at-mark-start (previous, next)
|   0|0x0000000080000000, 0x0000000080100000, 0x0000000080100000|100%| O|  |TAMS 0x0000000080100000, 0x0000000080000000| Untracked 
|   1|0x0000000080100000, 0x0000000080200000, 0x0000000080200000|100%| O|  |TAMS 0x0000000080200000, 0x0000000080100000| Untracked 
|   2|0x0000000080200000, 0x0000000080300000, 0x0000000080300000|100%| O|  |TAMS 0x0000000080300000, 0x0000000080200000| Untracked 
|   3|0x0000000080300000, 0x0000000080400000, 0x0000000080400000|100%| O|  |TAMS 0x0000000080400000, 0x0000000080300000| Untracked 
|   4|0x0000000080400000, 0x0000000080500000, 0x0000000080500000|100%|HS|  |TAMS 0x0000000080500000, 0x0000000080400000| Complete 
|   5|0x0000000080500000, 0x0000000080600000, 0x0000000080600000|100%|HC|  |TAMS 0x0000000080600000, 0x0000000080500000| Complete 
|   6|0x0000000080600000, 0x0000000080700000, 0x0000000080700000|100%|HC|  |TAMS 0x0000000080700000, 0x0000000080600000| Complete 
|   7|0x0000000080700000, 0x0000000080800000, 0x0000000080800000|100%| O|  |TAMS 0x0000000080800000, 0x0000000080700000| Untracked 
|   8|0x0000000080800000, 0x0000000080900000, 0x0000000080900000|100%| O|  |TAMS 0x0000000080900000, 0x0000000080800000| Untracked 
|   9|0x0000000080900000, 0x0000000080a00000, 0x0000000080a00000|100%| O|  |TAMS 0x0000000080a00000, 0x0000000080900000| Untracked 
|  10|0x0000000080a00000, 0x0000000080b00000, 0x0000000080b00000|100%| O|  |TAMS 0x0000000080b00000, 0x0000000080a00000| Untracked 
|  11|0x0000000080b00000, 0x0000000080c00000, 0x0000000080c00000|100%| O|  |TAMS 0x0000000080c00000, 0x0000000080b00000| Untracked 
|  12|0x0000000080c00000, 0x0000000080d00000, 0x0000000080d00000|100%| O|  |TAMS 0x0000000080d00000, 0x0000000080c00000| Untracked 
|  13|0x0000000080d00000, 0x0000000080e00000, 0x0000000080e00000|100%| O|  |TAMS 0x0000000080e00000, 0x0000000080d00000| Untracked 
|  14|0x0000000080e00000, 0x0000000080f00000, 0x0000000080f00000|100%| O|  |TAMS 0x0000000080f00000, 0x0000000080e00000| Untracked 
|  15|0x0000000080f00000, 0x0000000081000000, 0x0000000081000000|100%| O|  |TAMS 0x0000000081000000, 0x0000000080f00000| Untracked 
|  16|0x0000000081000000, 0x0000000081100000, 0x0000000081100000|100%| O|  |TAMS 0x0000000081100000, 0x0000000081000000| Untracked 
|  17|0x0000000081100000, 0x0000000081200000, 0x0000000081200000|100%| O|  |TAMS 0x0000000081200000, 0x0000000081100000| Untracked 
|  18|0x0000000081200000, 0x0000000081300000, 0x0000000081300000|100%| O|  |TAMS 0x0000000081300000, 0x0000000081200000| Untracked 
|  19|0x0000000081300000, 0x0000000081400000, 0x0000000081400000|100%| O|  |TAMS 0x0000000081400000, 0x0000000081300000| Untracked 
|  20|0x0000000081400000, 0x0000000081500000, 0x0000000081500000|100%| O|  |TAMS 0x0000000081500000, 0x0000000081400000| Untracked 
|  21|0x0000000081500000, 0x0000000081600000, 0x0000000081600000|100%| O|  |TAMS 0x0000000081600000, 0x0000000081500000| Untracked 
|  22|0x0000000081600000, 0x0000000081700000, 0x0000000081700000|100%| O|  |TAMS 0x0000000081700000, 0x0000000081600000| Untracked 
|  23|0x0000000081700000, 0x0000000081800000, 0x0000000081800000|100%| O|  |TAMS 0x0000000081800000, 0x0000000081700000| Untracked 
|  24|0x0000000081800000, 0x0000000081900000, 0x0000000081900000|100%| O|  |TAMS 0x0000000081900000, 0x0000000081800000| Untracked 
|  25|0x0000000081900000, 0x0000000081a00000, 0x0000000081a00000|100%| O|  |TAMS 0x0000000081a00000, 0x0000000081900000| Untracked 
|  26|0x0000000081a00000, 0x0000000081b00000, 0x0000000081b00000|100%|HS|  |TAMS 0x0000000081b00000, 0x0000000081a00000| Complete 
|  27|0x0000000081b00000, 0x0000000081c00000, 0x0000000081c00000|100%|HS|  |TAMS 0x0000000081c00000, 0x0000000081b00000| Complete 
|  28|0x0000000081c00000, 0x0000000081d00000, 0x0000000081d00000|100%|HC|  |TAMS 0x0000000081d00000, 0x0000000081c00000| Complete 
|  29|0x0000000081d00000, 0x0000000081e00000, 0x0000000081e00000|100%|HC|  |TAMS 0x0000000081e00000, 0x0000000081d00000| Complete 
|  30|0x0000000081e00000, 0x0000000081f00000, 0x0000000081f00000|100%|HS|  |TAMS 0x0000000081f00000, 0x0000000081e00000| Complete 
|  31|0x0000000081f00000, 0x0000000082000000, 0x0000000082000000|100%|HC|  |TAMS 0x0000000082000000, 0x0000000081f00000| Complete 
|  32|0x0000000082000000, 0x0000000082100000, 0x0000000082100000|100%| O|  |TAMS 0x0000000082100000, 0x0000000082000000| Untracked 
|  33|0x0000000082100000, 0x0000000082200000, 0x0000000082200000|100%| O|  |TAMS 0x0000000082200000, 0x0000000082100000| Untracked 
|  34|0x0000000082200000, 0x0000000082300000, 0x0000000082300000|100%| O|  |TAMS 0x0000000082300000, 0x0000000082200000| Untracked 
|  35|0x0000000082300000, 0x0000000082400000, 0x0000000082400000|100%| O|  |TAMS 0x0000000082400000, 0x0000000082300000| Untracked 
|  36|0x0000000082400000, 0x0000000082500000, 0x0000000082500000|100%| O|  |TAMS 0x0000000082500000, 0x0000000082400000| Untracked 
|  37|0x0000000082500000, 0x0000000082600000, 0x0000000082600000|100%| O|  |TAMS 0x0000000082600000, 0x0000000082500000| Untracked 
|  38|0x0000000082600000, 0x0000000082700000, 0x0000000082700000|100%| O|  |TAMS 0x0000000082700000, 0x0000000082600000| Untracked 
|  39|0x0000000082700000, 0x0000000082800000, 0x0000000082800000|100%| O|  |TAMS 0x0000000082800000, 0x0000000082700000| Untracked 
|  40|0x0000000082800000, 0x0000000082900000, 0x0000000082900000|100%| O|  |TAMS 0x0000000082900000, 0x0000000082800000| Untracked 
|  41|0x0000000082900000, 0x0000000082a00000, 0x0000000082a00000|100%| O|  |TAMS 0x0000000082a00000, 0x0000000082900000| Untracked 
|  42|0x0000000082a00000, 0x0000000082b00000, 0x0000000082b00000|100%| O|  |TAMS 0x0000000082a00000, 0x0000000082a00000| Untracked 
|  43|0x0000000082b00000, 0x0000000082c00000, 0x0000000082c00000|100%| O|  |TAMS 0x0000000082c00000, 0x0000000082b00000| Untracked 
|  44|0x0000000082c00000, 0x0000000082d00000, 0x0000000082d00000|100%| O|  |TAMS 0x0000000082d00000, 0x0000000082c00000| Untracked 
|  45|0x0000000082d00000, 0x0000000082e00000, 0x0000000082e00000|100%| O|  |TAMS 0x0000000082e00000, 0x0000000082d00000| Untracked 
|  46|0x0000000082e00000, 0x0000000082f00000, 0x0000000082f00000|100%| O|  |TAMS 0x0000000082f00000, 0x0000000082e00000| Untracked 
|  47|0x0000000082f00000, 0x0000000083000000, 0x0000000083000000|100%| O|  |TAMS 0x0000000083000000, 0x0000000082f00000| Untracked 
|  48|0x0000000083000000, 0x0000000083100000, 0x0000000083100000|100%| O|  |TAMS 0x0000000083100000, 0x0000000083000000| Untracked 
|  49|0x0000000083100000, 0x0000000083200000, 0x0000000083200000|100%| O|  |TAMS 0x0000000083200000, 0x0000000083100000| Untracked 
|  50|0x0000000083200000, 0x0000000083300000, 0x0000000083300000|100%| O|  |TAMS 0x0000000083300000, 0x0000000083200000| Untracked 
|  51|0x0000000083300000, 0x0000000083400000, 0x0000000083400000|100%| O|  |TAMS 0x0000000083400000, 0x0000000083300000| Untracked 
|  52|0x0000000083400000, 0x0000000083500000, 0x0000000083500000|100%| O|  |TAMS 0x0000000083500000, 0x0000000083400000| Untracked 
|  53|0x0000000083500000, 0x0000000083600000, 0x0000000083600000|100%| O|  |TAMS 0x0000000083600000, 0x0000000083500000| Untracked 
|  54|0x0000000083600000, 0x0000000083700000, 0x0000000083700000|100%| O|  |TAMS 0x0000000083700000, 0x0000000083600000| Untracked 
|  55|0x0000000083700000, 0x0000000083800000, 0x0000000083800000|100%| O|  |TAMS 0x0000000083800000, 0x0000000083700000| Untracked 
|  56|0x0000000083800000, 0x0000000083900000, 0x0000000083900000|100%| O|  |TAMS 0x0000000083900000, 0x0000000083800000| Untracked 
|  57|0x0000000083900000, 0x0000000083a00000, 0x0000000083a00000|100%| O|  |TAMS 0x0000000083a00000, 0x0000000083900000| Untracked 
|  58|0x0000000083a00000, 0x0000000083b00000, 0x0000000083b00000|100%| O|  |TAMS 0x0000000083b00000, 0x0000000083a00000| Untracked 
|  59|0x0000000083b00000, 0x0000000083c00000, 0x0000000083c00000|100%| O|  |TAMS 0x0000000083c00000, 0x0000000083b00000| Untracked 
|  60|0x0000000083c00000, 0x0000000083d00000, 0x0000000083d00000|100%| O|  |TAMS 0x0000000083d00000, 0x0000000083c00000| Untracked 
|  61|0x0000000083d00000, 0x0000000083e00000, 0x0000000083e00000|100%| O|  |TAMS 0x0000000083e00000, 0x0000000083d00000| Untracked 
|  62|0x0000000083e00000, 0x0000000083f00000, 0x0000000083f00000|100%| O|  |TAMS 0x0000000083f00000, 0x0000000083e00000| Untracked 
|  63|0x0000000083f00000, 0x0000000084000000, 0x0000000084000000|100%| O|  |TAMS 0x0000000084000000, 0x0000000083f00000| Untracked 
|  64|0x0000000084000000, 0x0000000084100000, 0x0000000084100000|100%| O|  |TAMS 0x0000000084100000, 0x0000000084000000| Untracked 
|  65|0x0000000084100000, 0x0000000084200000, 0x0000000084200000|100%| O|  |TAMS 0x0000000084200000, 0x0000000084100000| Untracked 
|  66|0x0000000084200000, 0x0000000084300000, 0x0000000084300000|100%| O|  |TAMS 0x0000000084300000, 0x0000000084200000| Untracked 
|  67|0x0000000084300000, 0x0000000084400000, 0x0000000084400000|100%| O|  |TAMS 0x0000000084400000, 0x0000000084300000| Untracked 
|  68|0x0000000084400000, 0x0000000084500000, 0x0000000084500000|100%| O|  |TAMS 0x0000000084500000, 0x0000000084400000| Untracked 
|  69|0x0000000084500000, 0x0000000084600000, 0x0000000084600000|100%| O|  |TAMS 0x0000000084600000, 0x0000000084500000| Untracked 
|  70|0x0000000084600000, 0x0000000084700000, 0x0000000084700000|100%| O|  |TAMS 0x0000000084700000, 0x0000000084600000| Untracked 
|  71|0x0000000084700000, 0x0000000084800000, 0x0000000084800000|100%| O|  |TAMS 0x0000000084800000, 0x0000000084700000| Untracked 
|  72|0x0000000084800000, 0x0000000084900000, 0x0000000084900000|100%| O|  |TAMS 0x0000000084900000, 0x0000000084800000| Untracked 
|  73|0x0000000084900000, 0x0000000084a00000, 0x0000000084a00000|100%| O|  |TAMS 0x0000000084a00000, 0x0000000084900000| Untracked 
|  74|0x0000000084a00000, 0x0000000084b00000, 0x0000000084b00000|100%| O|  |TAMS 0x0000000084b00000, 0x0000000084a00000| Untracked 
|  75|0x0000000084b00000, 0x0000000084c00000, 0x0000000084c00000|100%| O|  |TAMS 0x0000000084b00000, 0x0000000084b00000| Untracked 
|  76|0x0000000084c00000, 0x0000000084d00000, 0x0000000084d00000|100%| O|  |TAMS 0x0000000084c00000, 0x0000000084c00000| Untracked 
|  77|0x0000000084d00000, 0x0000000084e00000, 0x0000000084e00000|100%| O|  |TAMS 0x0000000084d00000, 0x0000000084d00000| Untracked 
|  78|0x0000000084e00000, 0x0000000084f00000, 0x0000000084f00000|100%| O|  |TAMS 0x0000000084e00000, 0x0000000084e00000| Untracked 
|  79|0x0000000084f00000, 0x0000000085000000, 0x0000000085000000|100%| O|  |TAMS 0x0000000085000000, 0x0000000084f00000| Untracked 
|  80|0x0000000085000000, 0x0000000085100000, 0x0000000085100000|100%| O|  |TAMS 0x0000000085100000, 0x0000000085000000| Untracked 
|  81|0x0000000085100000, 0x0000000085200000, 0x0000000085200000|100%| O|  |TAMS 0x0000000085100000, 0x0000000085100000| Untracked 
|  82|0x0000000085200000, 0x0000000085300000, 0x0000000085300000|100%| O|  |TAMS 0x0000000085300000, 0x0000000085200000| Untracked 
|  83|0x0000000085300000, 0x0000000085400000, 0x0000000085400000|100%| O|  |TAMS 0x0000000085300000, 0x0000000085300000| Untracked 
|  84|0x0000000085400000, 0x0000000085500000, 0x0000000085500000|100%| O|  |TAMS 0x00000000854ff600, 0x0000000085400000| Untracked 
|  85|0x0000000085500000, 0x000000008558a600, 0x0000000085600000| 54%| O|  |TAMS 0x0000000085500000, 0x0000000085500000| Untracked 
|  86|0x0000000085600000, 0x0000000085700000, 0x0000000085700000|100%|HS|  |TAMS 0x0000000085600000, 0x0000000085600000| Complete 
|  87|0x0000000085700000, 0x0000000085800000, 0x0000000085800000|100%|HC|  |TAMS 0x0000000085700000, 0x0000000085700000| Complete 
|  88|0x0000000085800000, 0x0000000085900000, 0x0000000085900000|100%|HS|  |TAMS 0x0000000085800000, 0x0000000085800000| Complete 
|  89|0x0000000085900000, 0x0000000085a00000, 0x0000000085a00000|100%|HC|  |TAMS 0x0000000085900000, 0x0000000085900000| Complete 
|  90|0x0000000085a00000, 0x0000000085a00000, 0x0000000085b00000|  0%| F|  |TAMS 0x0000000085a00000, 0x0000000085a00000| Untracked 
|  91|0x0000000085b00000, 0x0000000085b00000, 0x0000000085c00000|  0%| F|  |TAMS 0x0000000085b00000, 0x0000000085b00000| Untracked 
|  92|0x0000000085c00000, 0x0000000085c00000, 0x0000000085d00000|  0%| F|  |TAMS 0x0000000085c00000, 0x0000000085c00000| Untracked 
|  93|0x0000000085d00000, 0x0000000085d00000, 0x0000000085e00000|  0%| F|  |TAMS 0x0000000085d00000, 0x0000000085d00000| Untracked 
|  94|0x0000000085e00000, 0x0000000085e00000, 0x0000000085f00000|  0%| F|  |TAMS 0x0000000085e00000, 0x0000000085e00000| Untracked 
|  95|0x0000000085f00000, 0x0000000085f00000, 0x0000000086000000|  0%| F|  |TAMS 0x0000000085f00000, 0x0000000085f00000| Untracked 
|  96|0x0000000086000000, 0x0000000086100000, 0x0000000086100000|100%| O|  |TAMS 0x0000000086100000, 0x0000000086000000| Untracked 
|  97|0x0000000086100000, 0x0000000086100000, 0x0000000086200000|  0%| F|  |TAMS 0x0000000086100000, 0x0000000086100000| Untracked 
|  98|0x0000000086200000, 0x0000000086200000, 0x0000000086300000|  0%| F|  |TAMS 0x0000000086200000, 0x0000000086200000| Untracked 
|  99|0x0000000086300000, 0x0000000086300000, 0x0000000086400000|  0%| F|  |TAMS 0x0000000086300000, 0x0000000086300000| Untracked 
| 100|0x0000000086400000, 0x0000000086400000, 0x0000000086500000|  0%| F|  |TAMS 0x0000000086400000, 0x0000000086400000| Untracked 
| 101|0x0000000086500000, 0x0000000086500000, 0x0000000086600000|  0%| F|  |TAMS 0x0000000086500000, 0x0000000086500000| Untracked 
| 102|0x0000000086600000, 0x0000000086700000, 0x0000000086700000|100%| O|  |TAMS 0x0000000086700000, 0x0000000086600000| Untracked 
| 103|0x0000000086700000, 0x0000000086800000, 0x0000000086800000|100%| O|  |TAMS 0x0000000086800000, 0x0000000086700000| Untracked 
| 104|0x0000000086800000, 0x0000000086900000, 0x0000000086900000|100%| O|  |TAMS 0x0000000086900000, 0x0000000086800000| Untracked 
| 105|0x0000000086900000, 0x0000000086a00000, 0x0000000086a00000|100%| O|  |TAMS 0x0000000086a00000, 0x0000000086900000| Untracked 
| 106|0x0000000086a00000, 0x0000000086a00000, 0x0000000086b00000|  0%| F|  |TAMS 0x0000000086a00000, 0x0000000086a00000| Untracked 
| 107|0x0000000086b00000, 0x0000000086b00000, 0x0000000086c00000|  0%| F|  |TAMS 0x0000000086b00000, 0x0000000086b00000| Untracked 
| 108|0x0000000086c00000, 0x0000000086c00000, 0x0000000086d00000|  0%| F|  |TAMS 0x0000000086c00000, 0x0000000086c00000| Untracked 
| 109|0x0000000086d00000, 0x0000000086d00000, 0x0000000086e00000|  0%| F|  |TAMS 0x0000000086d00000, 0x0000000086d00000| Untracked 
| 110|0x0000000086e00000, 0x0000000086e00000, 0x0000000086f00000|  0%| F|  |TAMS 0x0000000086e00000, 0x0000000086e00000| Untracked 
| 111|0x0000000086f00000, 0x0000000086f00000, 0x0000000087000000|  0%| F|  |TAMS 0x0000000086f00000, 0x0000000086f00000| Untracked 
| 112|0x0000000087000000, 0x0000000087000000, 0x0000000087100000|  0%| F|  |TAMS 0x0000000087000000, 0x0000000087000000| Untracked 
| 113|0x0000000087100000, 0x0000000087100000, 0x0000000087200000|  0%| F|  |TAMS 0x0000000087100000, 0x0000000087100000| Untracked 
| 114|0x0000000087200000, 0x0000000087200000, 0x0000000087300000|  0%| F|  |TAMS 0x0000000087200000, 0x0000000087200000| Untracked 
| 115|0x0000000087300000, 0x0000000087300000, 0x0000000087400000|  0%| F|  |TAMS 0x0000000087300000, 0x0000000087300000| Untracked 
| 116|0x0000000087400000, 0x0000000087400000, 0x0000000087500000|  0%| F|  |TAMS 0x0000000087400000, 0x0000000087400000| Untracked 
| 117|0x0000000087500000, 0x0000000087500000, 0x0000000087600000|  0%| F|  |TAMS 0x0000000087500000, 0x0000000087500000| Untracked 
| 118|0x0000000087600000, 0x0000000087600000, 0x0000000087700000|  0%| F|  |TAMS 0x0000000087600000, 0x0000000087600000| Untracked 
| 119|0x0000000087700000, 0x0000000087700000, 0x0000000087800000|  0%| F|  |TAMS 0x0000000087700000, 0x0000000087700000| Untracked 
| 120|0x0000000087800000, 0x0000000087800000, 0x0000000087900000|  0%| F|  |TAMS 0x0000000087800000, 0x0000000087800000| Untracked 
| 121|0x0000000087900000, 0x0000000087a00000, 0x0000000087a00000|100%| O|  |TAMS 0x0000000087a00000, 0x0000000087900000| Untracked 
| 122|0x0000000087a00000, 0x0000000087a00000, 0x0000000087b00000|  0%| F|  |TAMS 0x0000000087a00000, 0x0000000087a00000| Untracked 
| 123|0x0000000087b00000, 0x0000000087b00000, 0x0000000087c00000|  0%| F|  |TAMS 0x0000000087b00000, 0x0000000087b00000| Untracked 
| 124|0x0000000087c00000, 0x0000000087c00000, 0x0000000087d00000|  0%| F|  |TAMS 0x0000000087c00000, 0x0000000087c00000| Untracked 
| 125|0x0000000087d00000, 0x0000000087d00000, 0x0000000087e00000|  0%| F|  |TAMS 0x0000000087d00000, 0x0000000087d00000| Untracked 
| 126|0x0000000087e00000, 0x0000000087e00000, 0x0000000087f00000|  0%| F|  |TAMS 0x0000000087e00000, 0x0000000087e00000| Untracked 
| 127|0x0000000087f00000, 0x0000000087f00000, 0x0000000088000000|  0%| F|  |TAMS 0x0000000087f00000, 0x0000000087f00000| Untracked 
| 128|0x0000000088000000, 0x0000000088000000, 0x0000000088100000|  0%| F|  |TAMS 0x0000000088000000, 0x0000000088000000| Untracked 
| 129|0x0000000088100000, 0x0000000088100000, 0x0000000088200000|  0%| F|  |TAMS 0x0000000088100000, 0x0000000088100000| Untracked 
| 130|0x0000000088200000, 0x0000000088200000, 0x0000000088300000|  0%| F|  |TAMS 0x0000000088200000, 0x0000000088200000| Untracked 
| 131|0x0000000088300000, 0x0000000088300000, 0x0000000088400000|  0%| F|  |TAMS 0x0000000088300000, 0x0000000088300000| Untracked 
| 132|0x0000000088400000, 0x0000000088400000, 0x0000000088500000|  0%| F|  |TAMS 0x0000000088400000, 0x0000000088400000| Untracked 
| 133|0x0000000088500000, 0x0000000088500000, 0x0000000088600000|  0%| F|  |TAMS 0x0000000088500000, 0x0000000088500000| Untracked 
| 134|0x0000000088600000, 0x0000000088600000, 0x0000000088700000|  0%| F|  |TAMS 0x0000000088600000, 0x0000000088600000| Untracked 
| 135|0x0000000088700000, 0x0000000088700000, 0x0000000088800000|  0%| F|  |TAMS 0x0000000088700000, 0x0000000088700000| Untracked 
| 136|0x0000000088800000, 0x0000000088800000, 0x0000000088900000|  0%| F|  |TAMS 0x0000000088800000, 0x0000000088800000| Untracked 
| 137|0x0000000088900000, 0x0000000088900000, 0x0000000088a00000|  0%| F|  |TAMS 0x0000000088900000, 0x0000000088900000| Untracked 
| 138|0x0000000088a00000, 0x0000000088a00000, 0x0000000088b00000|  0%| F|  |TAMS 0x0000000088a00000, 0x0000000088a00000| Untracked 
| 139|0x0000000088b00000, 0x0000000088b00000, 0x0000000088c00000|  0%| F|  |TAMS 0x0000000088b00000, 0x0000000088b00000| Untracked 
| 140|0x0000000088c00000, 0x0000000088c00000, 0x0000000088d00000|  0%| F|  |TAMS 0x0000000088c00000, 0x0000000088c00000| Untracked 
| 141|0x0000000088d00000, 0x0000000088d00000, 0x0000000088e00000|  0%| F|  |TAMS 0x0000000088d00000, 0x0000000088d00000| Untracked 
| 142|0x0000000088e00000, 0x0000000088e00000, 0x0000000088f00000|  0%| F|  |TAMS 0x0000000088e00000, 0x0000000088e00000| Untracked 
| 143|0x0000000088f00000, 0x0000000088f00000, 0x0000000089000000|  0%| F|  |TAMS 0x0000000088f00000, 0x0000000088f00000| Untracked 
| 144|0x0000000089000000, 0x0000000089000000, 0x0000000089100000|  0%| F|  |TAMS 0x0000000089000000, 0x0000000089000000| Untracked 
| 145|0x0000000089100000, 0x0000000089100000, 0x0000000089200000|  0%| F|  |TAMS 0x0000000089100000, 0x0000000089100000| Untracked 
| 146|0x0000000089200000, 0x0000000089200000, 0x0000000089300000|  0%| F|  |TAMS 0x0000000089200000, 0x0000000089200000| Untracked 
| 147|0x0000000089300000, 0x0000000089300000, 0x0000000089400000|  0%| F|  |TAMS 0x0000000089300000, 0x0000000089300000| Untracked 
| 148|0x0000000089400000, 0x0000000089400000, 0x0000000089500000|  0%| F|  |TAMS 0x0000000089400000, 0x0000000089400000| Untracked 
| 149|0x0000000089500000, 0x0000000089500000, 0x0000000089600000|  0%| F|  |TAMS 0x0000000089500000, 0x0000000089500000| Untracked 
| 150|0x0000000089600000, 0x0000000089600000, 0x0000000089700000|  0%| F|  |TAMS 0x0000000089600000, 0x0000000089600000| Untracked 
| 151|0x0000000089700000, 0x0000000089700000, 0x0000000089800000|  0%| F|  |TAMS 0x0000000089700000, 0x0000000089700000| Untracked 
| 152|0x0000000089800000, 0x0000000089800000, 0x0000000089900000|  0%| F|  |TAMS 0x0000000089800000, 0x0000000089800000| Untracked 
| 153|0x0000000089900000, 0x0000000089900000, 0x0000000089a00000|  0%| F|  |TAMS 0x0000000089900000, 0x0000000089900000| Untracked 
| 154|0x0000000089a00000, 0x0000000089a00000, 0x0000000089b00000|  0%| F|  |TAMS 0x0000000089a00000, 0x0000000089a00000| Untracked 
| 155|0x0000000089b00000, 0x0000000089b00000, 0x0000000089c00000|  0%| F|  |TAMS 0x0000000089b00000, 0x0000000089b00000| Untracked 
| 156|0x0000000089c00000, 0x0000000089c00000, 0x0000000089d00000|  0%| F|  |TAMS 0x0000000089c00000, 0x0000000089c00000| Untracked 
| 157|0x0000000089d00000, 0x0000000089d00000, 0x0000000089e00000|  0%| F|  |TAMS 0x0000000089d00000, 0x0000000089d00000| Untracked 
| 158|0x0000000089e00000, 0x0000000089e00000, 0x0000000089f00000|  0%| F|  |TAMS 0x0000000089e00000, 0x0000000089e00000| Untracked 
| 159|0x0000000089f00000, 0x0000000089f00000, 0x000000008a000000|  0%| F|  |TAMS 0x0000000089f00000, 0x0000000089f00000| Untracked 
| 160|0x000000008a000000, 0x000000008a000000, 0x000000008a100000|  0%| F|  |TAMS 0x000000008a000000, 0x000000008a000000| Untracked 
| 161|0x000000008a100000, 0x000000008a100000, 0x000000008a200000|  0%| F|  |TAMS 0x000000008a100000, 0x000000008a100000| Untracked 
| 162|0x000000008a200000, 0x000000008a200000, 0x000000008a300000|  0%| F|  |TAMS 0x000000008a200000, 0x000000008a200000| Untracked 
| 163|0x000000008a300000, 0x000000008a300000, 0x000000008a400000|  0%| F|  |TAMS 0x000000008a300000, 0x000000008a300000| Untracked 
| 164|0x000000008a400000, 0x000000008a400000, 0x000000008a500000|  0%| F|  |TAMS 0x000000008a400000, 0x000000008a400000| Untracked 
| 165|0x000000008a500000, 0x000000008a500000, 0x000000008a600000|  0%| F|  |TAMS 0x000000008a500000, 0x000000008a500000| Untracked 
| 166|0x000000008a600000, 0x000000008a600000, 0x000000008a700000|  0%| F|  |TAMS 0x000000008a600000, 0x000000008a600000| Untracked 
| 167|0x000000008a700000, 0x000000008a780000, 0x000000008a800000| 50%| S|CS|TAMS 0x000000008a700000, 0x000000008a700000| Complete 
| 168|0x000000008a800000, 0x000000008a900000, 0x000000008a900000|100%| S|CS|TAMS 0x000000008a800000, 0x000000008a800000| Complete 
| 169|0x000000008a900000, 0x000000008aa00000, 0x000000008aa00000|100%| S|CS|TAMS 0x000000008a900000, 0x000000008a900000| Complete 
| 170|0x000000008aa00000, 0x000000008ab00000, 0x000000008ab00000|100%| S|CS|TAMS 0x000000008aa00000, 0x000000008aa00000| Complete 
| 171|0x000000008ab00000, 0x000000008ac00000, 0x000000008ac00000|100%| S|CS|TAMS 0x000000008ab00000, 0x000000008ab00000| Complete 
| 172|0x000000008ac00000, 0x000000008ad00000, 0x000000008ad00000|100%| S|CS|TAMS 0x000000008ac00000, 0x000000008ac00000| Complete 
| 173|0x000000008ad00000, 0x000000008ae00000, 0x000000008ae00000|100%| S|CS|TAMS 0x000000008ad00000, 0x000000008ad00000| Complete 
| 174|0x000000008ae00000, 0x000000008af00000, 0x000000008af00000|100%| S|CS|TAMS 0x000000008ae00000, 0x000000008ae00000| Complete 
| 175|0x000000008af00000, 0x000000008b000000, 0x000000008b000000|100%| S|CS|TAMS 0x000000008af00000, 0x000000008af00000| Complete 
| 176|0x000000008b000000, 0x000000008b100000, 0x000000008b100000|100%| S|CS|TAMS 0x000000008b000000, 0x000000008b000000| Complete 
| 177|0x000000008b100000, 0x000000008b200000, 0x000000008b200000|100%| S|CS|TAMS 0x000000008b100000, 0x000000008b100000| Complete 
| 178|0x000000008b200000, 0x000000008b200000, 0x000000008b300000|  0%| F|  |TAMS 0x000000008b200000, 0x000000008b200000| Untracked 
| 179|0x000000008b300000, 0x000000008b300000, 0x000000008b400000|  0%| F|  |TAMS 0x000000008b300000, 0x000000008b300000| Untracked 
| 180|0x000000008b400000, 0x000000008b400000, 0x000000008b500000|  0%| F|  |TAMS 0x000000008b400000, 0x000000008b400000| Untracked 
| 181|0x000000008b500000, 0x000000008b500000, 0x000000008b600000|  0%| F|  |TAMS 0x000000008b500000, 0x000000008b500000| Untracked 
| 182|0x000000008b600000, 0x000000008b600000, 0x000000008b700000|  0%| F|  |TAMS 0x000000008b600000, 0x000000008b600000| Untracked 
| 183|0x000000008b700000, 0x000000008b700000, 0x000000008b800000|  0%| F|  |TAMS 0x000000008b700000, 0x000000008b700000| Untracked 
| 184|0x000000008b800000, 0x000000008b800000, 0x000000008b900000|  0%| F|  |TAMS 0x000000008b800000, 0x000000008b800000| Untracked 
| 185|0x000000008b900000, 0x000000008b900000, 0x000000008ba00000|  0%| F|  |TAMS 0x000000008b900000, 0x000000008b900000| Untracked 
| 186|0x000000008ba00000, 0x000000008ba00000, 0x000000008bb00000|  0%| F|  |TAMS 0x000000008ba00000, 0x000000008ba00000| Untracked 
| 187|0x000000008bb00000, 0x000000008bb00000, 0x000000008bc00000|  0%| F|  |TAMS 0x000000008bb00000, 0x000000008bb00000| Untracked 
| 188|0x000000008bc00000, 0x000000008bc00000, 0x000000008bd00000|  0%| F|  |TAMS 0x000000008bc00000, 0x000000008bc00000| Untracked 
| 189|0x000000008bd00000, 0x000000008bd00000, 0x000000008be00000|  0%| F|  |TAMS 0x000000008bd00000, 0x000000008bd00000| Untracked 
| 190|0x000000008be00000, 0x000000008be00000, 0x000000008bf00000|  0%| F|  |TAMS 0x000000008be00000, 0x000000008be00000| Untracked 
| 191|0x000000008bf00000, 0x000000008bf00000, 0x000000008c000000|  0%| F|  |TAMS 0x000000008bf00000, 0x000000008bf00000| Untracked 
| 192|0x000000008c000000, 0x000000008c000000, 0x000000008c100000|  0%| F|  |TAMS 0x000000008c000000, 0x000000008c000000| Untracked 
| 193|0x000000008c100000, 0x000000008c200000, 0x000000008c200000|100%| E|  |TAMS 0x000000008c100000, 0x000000008c100000| Complete 
| 194|0x000000008c200000, 0x000000008c300000, 0x000000008c300000|100%| E|CS|TAMS 0x000000008c200000, 0x000000008c200000| Complete 
| 195|0x000000008c300000, 0x000000008c400000, 0x000000008c400000|100%| E|CS|TAMS 0x000000008c300000, 0x000000008c300000| Complete 
| 196|0x000000008c400000, 0x000000008c500000, 0x000000008c500000|100%| E|CS|TAMS 0x000000008c400000, 0x000000008c400000| Complete 
| 197|0x000000008c500000, 0x000000008c600000, 0x000000008c600000|100%| E|CS|TAMS 0x000000008c500000, 0x000000008c500000| Complete 
| 198|0x000000008c600000, 0x000000008c700000, 0x000000008c700000|100%| E|CS|TAMS 0x000000008c600000, 0x000000008c600000| Complete 
| 199|0x000000008c700000, 0x000000008c800000, 0x000000008c800000|100%| E|CS|TAMS 0x000000008c700000, 0x000000008c700000| Complete 
| 200|0x000000008c800000, 0x000000008c900000, 0x000000008c900000|100%| E|CS|TAMS 0x000000008c800000, 0x000000008c800000| Complete 
| 201|0x000000008c900000, 0x000000008ca00000, 0x000000008ca00000|100%| E|CS|TAMS 0x000000008c900000, 0x000000008c900000| Complete 
| 202|0x000000008ca00000, 0x000000008cb00000, 0x000000008cb00000|100%| E|CS|TAMS 0x000000008ca00000, 0x000000008ca00000| Complete 
| 203|0x000000008cb00000, 0x000000008cc00000, 0x000000008cc00000|100%| E|CS|TAMS 0x000000008cb00000, 0x000000008cb00000| Complete 
| 204|0x000000008cc00000, 0x000000008cd00000, 0x000000008cd00000|100%| E|CS|TAMS 0x000000008cc00000, 0x000000008cc00000| Complete 
| 205|0x000000008cd00000, 0x000000008ce00000, 0x000000008ce00000|100%| E|CS|TAMS 0x000000008cd00000, 0x000000008cd00000| Complete 
| 206|0x000000008ce00000, 0x000000008cf00000, 0x000000008cf00000|100%| E|CS|TAMS 0x000000008ce00000, 0x000000008ce00000| Complete 
| 207|0x000000008cf00000, 0x000000008d000000, 0x000000008d000000|100%| E|CS|TAMS 0x000000008cf00000, 0x000000008cf00000| Complete 
| 208|0x000000008d000000, 0x000000008d100000, 0x000000008d100000|100%| E|CS|TAMS 0x000000008d000000, 0x000000008d000000| Complete 
| 209|0x000000008d100000, 0x000000008d200000, 0x000000008d200000|100%| E|CS|TAMS 0x000000008d100000, 0x000000008d100000| Complete 
| 210|0x000000008d200000, 0x000000008d300000, 0x000000008d300000|100%| E|CS|TAMS 0x000000008d200000, 0x000000008d200000| Complete 
| 211|0x000000008d300000, 0x000000008d400000, 0x000000008d400000|100%| E|CS|TAMS 0x000000008d300000, 0x000000008d300000| Complete 
| 212|0x000000008d400000, 0x000000008d500000, 0x000000008d500000|100%| E|CS|TAMS 0x000000008d400000, 0x000000008d400000| Complete 
| 213|0x000000008d500000, 0x000000008d600000, 0x000000008d600000|100%| E|CS|TAMS 0x000000008d500000, 0x000000008d500000| Complete 
| 214|0x000000008d600000, 0x000000008d700000, 0x000000008d700000|100%| E|CS|TAMS 0x000000008d600000, 0x000000008d600000| Complete 
| 215|0x000000008d700000, 0x000000008d800000, 0x000000008d800000|100%| E|CS|TAMS 0x000000008d700000, 0x000000008d700000| Complete 
| 216|0x000000008d800000, 0x000000008d900000, 0x000000008d900000|100%| E|CS|TAMS 0x000000008d800000, 0x000000008d800000| Complete 
| 217|0x000000008d900000, 0x000000008da00000, 0x000000008da00000|100%| E|CS|TAMS 0x000000008d900000, 0x000000008d900000| Complete 
| 218|0x000000008da00000, 0x000000008db00000, 0x000000008db00000|100%| E|CS|TAMS 0x000000008da00000, 0x000000008da00000| Complete 
| 219|0x000000008db00000, 0x000000008dc00000, 0x000000008dc00000|100%| E|CS|TAMS 0x000000008db00000, 0x000000008db00000| Complete 
| 220|0x000000008dc00000, 0x000000008dd00000, 0x000000008dd00000|100%| E|CS|TAMS 0x000000008dc00000, 0x000000008dc00000| Complete 
| 221|0x000000008dd00000, 0x000000008de00000, 0x000000008de00000|100%| E|CS|TAMS 0x000000008dd00000, 0x000000008dd00000| Complete 
| 222|0x000000008de00000, 0x000000008df00000, 0x000000008df00000|100%| E|CS|TAMS 0x000000008de00000, 0x000000008de00000| Complete 
| 223|0x000000008df00000, 0x000000008e000000, 0x000000008e000000|100%| E|CS|TAMS 0x000000008df00000, 0x000000008df00000| Complete 
| 224|0x000000008e000000, 0x000000008e100000, 0x000000008e100000|100%| E|CS|TAMS 0x000000008e000000, 0x000000008e000000| Complete 
| 225|0x000000008e100000, 0x000000008e200000, 0x000000008e200000|100%| E|CS|TAMS 0x000000008e100000, 0x000000008e100000| Complete 
| 226|0x000000008e200000, 0x000000008e300000, 0x000000008e300000|100%| E|CS|TAMS 0x000000008e200000, 0x000000008e200000| Complete 
| 227|0x000000008e300000, 0x000000008e400000, 0x000000008e400000|100%| E|CS|TAMS 0x000000008e300000, 0x000000008e300000| Complete 
| 228|0x000000008e400000, 0x000000008e500000, 0x000000008e500000|100%| E|CS|TAMS 0x000000008e400000, 0x000000008e400000| Complete 
| 229|0x000000008e500000, 0x000000008e600000, 0x000000008e600000|100%| E|CS|TAMS 0x000000008e500000, 0x000000008e500000| Complete 
| 230|0x000000008e600000, 0x000000008e700000, 0x000000008e700000|100%| E|CS|TAMS 0x000000008e600000, 0x000000008e600000| Complete 
| 231|0x000000008e700000, 0x000000008e800000, 0x000000008e800000|100%| E|CS|TAMS 0x000000008e700000, 0x000000008e700000| Complete 
| 232|0x000000008e800000, 0x000000008e900000, 0x000000008e900000|100%| E|CS|TAMS 0x000000008e800000, 0x000000008e800000| Complete 
| 233|0x000000008e900000, 0x000000008ea00000, 0x000000008ea00000|100%| E|CS|TAMS 0x000000008e900000, 0x000000008e900000| Complete 
| 234|0x000000008ea00000, 0x000000008eb00000, 0x000000008eb00000|100%| E|CS|TAMS 0x000000008ea00000, 0x000000008ea00000| Complete 
| 235|0x000000008eb00000, 0x000000008ec00000, 0x000000008ec00000|100%| E|CS|TAMS 0x000000008eb00000, 0x000000008eb00000| Complete 
| 236|0x000000008ec00000, 0x000000008ed00000, 0x000000008ed00000|100%| E|CS|TAMS 0x000000008ec00000, 0x000000008ec00000| Complete 
| 237|0x000000008ed00000, 0x000000008ee00000, 0x000000008ee00000|100%| E|CS|TAMS 0x000000008ed00000, 0x000000008ed00000| Complete 
| 238|0x000000008ee00000, 0x000000008ef00000, 0x000000008ef00000|100%| E|CS|TAMS 0x000000008ee00000, 0x000000008ee00000| Complete 
| 239|0x000000008ef00000, 0x000000008f000000, 0x000000008f000000|100%| E|CS|TAMS 0x000000008ef00000, 0x000000008ef00000| Complete 
| 240|0x000000008f000000, 0x000000008f100000, 0x000000008f100000|100%| E|CS|TAMS 0x000000008f000000, 0x000000008f000000| Complete 
| 241|0x000000008f100000, 0x000000008f200000, 0x000000008f200000|100%| E|CS|TAMS 0x000000008f100000, 0x000000008f100000| Complete 
| 242|0x000000008f200000, 0x000000008f300000, 0x000000008f300000|100%| E|CS|TAMS 0x000000008f200000, 0x000000008f200000| Complete 
| 243|0x000000008f300000, 0x000000008f400000, 0x000000008f400000|100%| E|CS|TAMS 0x000000008f300000, 0x000000008f300000| Complete 
| 244|0x000000008f400000, 0x000000008f500000, 0x000000008f500000|100%| E|CS|TAMS 0x000000008f400000, 0x000000008f400000| Complete 
| 245|0x000000008f500000, 0x000000008f600000, 0x000000008f600000|100%| E|CS|TAMS 0x000000008f500000, 0x000000008f500000| Complete 
| 246|0x000000008f600000, 0x000000008f700000, 0x000000008f700000|100%| E|CS|TAMS 0x000000008f600000, 0x000000008f600000| Complete 
| 247|0x000000008f700000, 0x000000008f800000, 0x000000008f800000|100%| E|CS|TAMS 0x000000008f700000, 0x000000008f700000| Complete 
| 248|0x000000008f800000, 0x000000008f900000, 0x000000008f900000|100%| E|CS|TAMS 0x000000008f800000, 0x000000008f800000| Complete 
| 249|0x000000008f900000, 0x000000008fa00000, 0x000000008fa00000|100%| E|CS|TAMS 0x000000008f900000, 0x000000008f900000| Complete 
| 250|0x000000008fa00000, 0x000000008fb00000, 0x000000008fb00000|100%| E|CS|TAMS 0x000000008fa00000, 0x000000008fa00000| Complete 
| 251|0x000000008fb00000, 0x000000008fc00000, 0x000000008fc00000|100%| E|CS|TAMS 0x000000008fb00000, 0x000000008fb00000| Complete 
| 252|0x000000008fc00000, 0x000000008fd00000, 0x000000008fd00000|100%| E|CS|TAMS 0x000000008fc00000, 0x000000008fc00000| Complete 
| 253|0x000000008fd00000, 0x000000008fe00000, 0x000000008fe00000|100%| E|CS|TAMS 0x000000008fd00000, 0x000000008fd00000| Complete 
| 254|0x000000008fe00000, 0x000000008ff00000, 0x000000008ff00000|100%| E|CS|TAMS 0x000000008fe00000, 0x000000008fe00000| Complete 
| 255|0x000000008ff00000, 0x0000000090000000, 0x0000000090000000|100%| E|CS|TAMS 0x000000008ff00000, 0x000000008ff00000| Complete 
| 256|0x0000000090000000, 0x0000000090100000, 0x0000000090100000|100%| E|CS|TAMS 0x0000000090000000, 0x0000000090000000| Complete 
| 257|0x0000000090100000, 0x0000000090200000, 0x0000000090200000|100%| E|CS|TAMS 0x0000000090100000, 0x0000000090100000| Complete 
| 258|0x0000000090200000, 0x0000000090300000, 0x0000000090300000|100%| E|CS|TAMS 0x0000000090200000, 0x0000000090200000| Complete 
| 259|0x0000000090300000, 0x0000000090400000, 0x0000000090400000|100%| E|CS|TAMS 0x0000000090300000, 0x0000000090300000| Complete 
| 260|0x0000000090400000, 0x0000000090500000, 0x0000000090500000|100%| E|CS|TAMS 0x0000000090400000, 0x0000000090400000| Complete 
| 261|0x0000000090500000, 0x0000000090600000, 0x0000000090600000|100%| E|CS|TAMS 0x0000000090500000, 0x0000000090500000| Complete 
| 262|0x0000000090600000, 0x0000000090700000, 0x0000000090700000|100%| E|CS|TAMS 0x0000000090600000, 0x0000000090600000| Complete 
| 263|0x0000000090700000, 0x0000000090800000, 0x0000000090800000|100%| E|CS|TAMS 0x0000000090700000, 0x0000000090700000| Complete 
| 264|0x0000000090800000, 0x0000000090900000, 0x0000000090900000|100%| E|CS|TAMS 0x0000000090800000, 0x0000000090800000| Complete 
| 265|0x0000000090900000, 0x0000000090a00000, 0x0000000090a00000|100%| E|CS|TAMS 0x0000000090900000, 0x0000000090900000| Complete 
| 266|0x0000000090a00000, 0x0000000090b00000, 0x0000000090b00000|100%| E|CS|TAMS 0x0000000090a00000, 0x0000000090a00000| Complete 
| 267|0x0000000090b00000, 0x0000000090c00000, 0x0000000090c00000|100%| E|CS|TAMS 0x0000000090b00000, 0x0000000090b00000| Complete 
| 268|0x0000000090c00000, 0x0000000090d00000, 0x0000000090d00000|100%| E|CS|TAMS 0x0000000090c00000, 0x0000000090c00000| Complete 
| 269|0x0000000090d00000, 0x0000000090e00000, 0x0000000090e00000|100%| E|CS|TAMS 0x0000000090d00000, 0x0000000090d00000| Complete 
| 270|0x0000000090e00000, 0x0000000090f00000, 0x0000000090f00000|100%| E|CS|TAMS 0x0000000090e00000, 0x0000000090e00000| Complete 
| 271|0x0000000090f00000, 0x0000000091000000, 0x0000000091000000|100%| E|CS|TAMS 0x0000000090f00000, 0x0000000090f00000| Complete 
| 272|0x0000000091000000, 0x0000000091100000, 0x0000000091100000|100%| E|CS|TAMS 0x0000000091000000, 0x0000000091000000| Complete 
| 273|0x0000000091100000, 0x0000000091200000, 0x0000000091200000|100%| E|CS|TAMS 0x0000000091100000, 0x0000000091100000| Complete 
| 274|0x0000000091200000, 0x0000000091300000, 0x0000000091300000|100%| E|CS|TAMS 0x0000000091200000, 0x0000000091200000| Complete 
| 275|0x0000000091300000, 0x0000000091400000, 0x0000000091400000|100%| E|CS|TAMS 0x0000000091300000, 0x0000000091300000| Complete 
| 276|0x0000000091400000, 0x0000000091500000, 0x0000000091500000|100%| E|CS|TAMS 0x0000000091400000, 0x0000000091400000| Complete 
| 277|0x0000000091500000, 0x0000000091600000, 0x0000000091600000|100%| E|CS|TAMS 0x0000000091500000, 0x0000000091500000| Complete 
| 278|0x0000000091600000, 0x0000000091700000, 0x0000000091700000|100%| E|CS|TAMS 0x0000000091600000, 0x0000000091600000| Complete 
| 279|0x0000000091700000, 0x0000000091800000, 0x0000000091800000|100%| E|CS|TAMS 0x0000000091700000, 0x0000000091700000| Complete 
| 280|0x0000000091800000, 0x0000000091900000, 0x0000000091900000|100%| E|CS|TAMS 0x0000000091800000, 0x0000000091800000| Complete 
| 281|0x0000000091900000, 0x0000000091a00000, 0x0000000091a00000|100%| E|CS|TAMS 0x0000000091900000, 0x0000000091900000| Complete 
| 282|0x0000000091a00000, 0x0000000091b00000, 0x0000000091b00000|100%| E|CS|TAMS 0x0000000091a00000, 0x0000000091a00000| Complete 
| 283|0x0000000091b00000, 0x0000000091c00000, 0x0000000091c00000|100%| E|CS|TAMS 0x0000000091b00000, 0x0000000091b00000| Complete 
| 284|0x0000000091c00000, 0x0000000091d00000, 0x0000000091d00000|100%| E|CS|TAMS 0x0000000091c00000, 0x0000000091c00000| Complete 
| 285|0x0000000091d00000, 0x0000000091e00000, 0x0000000091e00000|100%| E|CS|TAMS 0x0000000091d00000, 0x0000000091d00000| Complete 
| 286|0x0000000091e00000, 0x0000000091f00000, 0x0000000091f00000|100%| E|CS|TAMS 0x0000000091e00000, 0x0000000091e00000| Complete 
| 287|0x0000000091f00000, 0x0000000092000000, 0x0000000092000000|100%| E|CS|TAMS 0x0000000091f00000, 0x0000000091f00000| Complete 
| 288|0x0000000092000000, 0x0000000092100000, 0x0000000092100000|100%| E|CS|TAMS 0x0000000092000000, 0x0000000092000000| Complete 
| 289|0x0000000092100000, 0x0000000092200000, 0x0000000092200000|100%| E|CS|TAMS 0x0000000092100000, 0x0000000092100000| Complete 
| 290|0x0000000092200000, 0x0000000092300000, 0x0000000092300000|100%| E|CS|TAMS 0x0000000092200000, 0x0000000092200000| Complete 
| 291|0x0000000092300000, 0x0000000092400000, 0x0000000092400000|100%| E|CS|TAMS 0x0000000092300000, 0x0000000092300000| Complete 
| 292|0x0000000092400000, 0x0000000092500000, 0x0000000092500000|100%| E|CS|TAMS 0x0000000092400000, 0x0000000092400000| Complete 
| 293|0x0000000092500000, 0x0000000092600000, 0x0000000092600000|100%| E|CS|TAMS 0x0000000092500000, 0x0000000092500000| Complete 
| 294|0x0000000092600000, 0x0000000092700000, 0x0000000092700000|100%| E|CS|TAMS 0x0000000092600000, 0x0000000092600000| Complete 
| 295|0x0000000092700000, 0x0000000092800000, 0x0000000092800000|100%| E|CS|TAMS 0x0000000092700000, 0x0000000092700000| Complete 
| 296|0x0000000092800000, 0x0000000092900000, 0x0000000092900000|100%| E|CS|TAMS 0x0000000092800000, 0x0000000092800000| Complete 

Card table byte_map: [0x00000000157f0000,0x0000000015bf0000] _byte_map_base: 0x00000000153f0000

Marking Bits (Prev, Next): (CMBitMap*) 0x0000000000285858, (CMBitMap*) 0x0000000000285890
 Prev Bits: [0x0000000015ff0000, 0x0000000017ff0000)
 Next Bits: [0x0000000017ff0000, 0x0000000019ff0000)

Polling page: 0x0000000001e50000

Metaspace:

Usage:
  Non-class:     96.33 MB capacity,    94.71 MB ( 98%) used,     1.33 MB (  1%) free+waste,   298.19 KB ( <1%) overhead. 
      Class:     14.21 MB capacity,    13.29 MB ( 94%) used,   811.18 KB (  6%) free+waste,   131.81 KB ( <1%) overhead. 
       Both:    110.54 MB capacity,   108.00 MB ( 98%) used,     2.12 MB (  2%) free+waste,   430.00 KB ( <1%) overhead. 

Virtual space:
  Non-class space:       98.00 MB reserved,      96.37 MB ( 98%) committed 
      Class space:        1.00 GB reserved,      14.25 MB (  1%) committed 
             Both:        1.10 GB reserved,     110.62 MB ( 10%) committed 

Chunk freelists:
   Non-Class:  40.00 KB
       Class:  8.00 KB
        Both:  48.00 KB

MaxMetaspaceSize: 17179869184.00 GB
CompressedClassSpaceSize: 1.00 GB

CodeHeap 'non-profiled nmethods': size=120064Kb used=9037Kb max_used=9661Kb free=111026Kb
 bounds [0x000000000d8c0000, 0x000000000e230000, 0x0000000014e00000]
CodeHeap 'profiled nmethods': size=120000Kb used=34345Kb max_used=36759Kb free=85654Kb
 bounds [0x0000000006390000, 0x0000000008780000, 0x000000000d8c0000]
CodeHeap 'non-nmethods': size=5696Kb used=2307Kb max_used=2341Kb free=3389Kb
 bounds [0x0000000005e00000, 0x0000000006070000, 0x0000000006390000]
 total_blobs=16479 nmethods=15536 adapters=854
 compilation: disabled (not enough contiguous free space left)
              stopped_count=1, restarted_count=0
 full_count=1

Compilation events (20 events):
Event: 158.710 Thread 0x000000005d354800 nmethod 17092 0x0000000008748310 code [0x00000000087484c0, 0x00000000087485d8]
Event: 158.710 Thread 0x000000005d354800 17089       3       com.android.tools.r8.ir.conversion.o::a (1157 bytes)
Event: 158.719 Thread 0x000000005d354800 nmethod 17089 0x0000000008748690 code [0x00000000087491e0, 0x0000000008750b78]
Event: 158.719 Thread 0x000000005d354800 17091       3       com.android.tools.r8.ir.conversion.S::a (96 bytes)
Event: 158.721 Thread 0x000000005d354800 nmethod 17091 0x0000000008753090 code [0x0000000008753360, 0x0000000008754478]
Event: 158.721 Thread 0x000000005d354800 17090       3       com.android.tools.r8.graph.e0::J (9 bytes)
Event: 158.721 Thread 0x000000005d354800 nmethod 17090 0x0000000008754990 code [0x0000000008754b40, 0x0000000008754cb8]
Event: 158.721 Thread 0x000000005d354800 17083       3       com.android.tools.r8.utils.c1$$Lambda$902/0x000000001d802840::call (16 bytes)
Event: 158.722 Thread 0x000000005d354800 nmethod 17083 0x0000000008754d90 code [0x0000000008754f80, 0x00000000087553a8]
Event: 158.722 Thread 0x000000005d354800 17084       3       com.android.tools.r8.utils.c1::a (9 bytes)
Event: 158.722 Thread 0x000000005d354800 nmethod 17084 0x0000000008755590 code [0x0000000008755780, 0x0000000008755b08]
Event: 158.722 Thread 0x000000005d354800 17085       3       com.android.tools.r8.utils.c1$$Lambda$900/0x000000001d802040::a (10 bytes)
Event: 158.722 Thread 0x000000005d354800 nmethod 17085 0x0000000008755d10 code [0x0000000008755ee0, 0x0000000008756208]
Event: 158.722 Thread 0x000000005d354800 17086       3       com.android.tools.r8.utils.c1::a (10 bytes)
Event: 158.722 Thread 0x000000005d354800 nmethod 17086 0x0000000008756390 code [0x0000000008756560, 0x00000000087567e8]
Event: 158.722 Thread 0x000000005d354800 17087       3       com.android.tools.r8.utils.c1$$Lambda$898/0x000000001d801840::accept (10 bytes)
Event: 158.723 Thread 0x000000005d354800 nmethod 17087 0x0000000008756990 code [0x0000000008756b60, 0x0000000008756d68]
Event: 158.723 Thread 0x000000005d354800 17081   !   3       com.android.tools.r8.ir.optimize.m::a (1165 bytes)
Event: 158.735 Thread 0x000000005d354800 nmethod 17081 0x0000000008756e90 code [0x0000000008757a60, 0x0000000008760288]
Event: 158.735 Thread 0x000000005d354800 17097       3       com.android.tools.r8.ir.regalloc.a::b (1373 bytes)

GC Heap History (20 events):
Event: 95.013 GC heap before
{Heap before GC invocations=55 (full 0):
 garbage-first heap   total 165888K, used 116560K [0x0000000080000000, 0x0000000100000000)
  region size 1024K, 8 young (8192K), 4 survivors (4096K)
 Metaspace       used 87977K, capacity 90179K, committed 90492K, reserved 1128448K
  class space    used 10920K, capacity 11659K, committed 11776K, reserved 1048576K
}
Event: 95.043 GC heap after
{Heap after GC invocations=56 (full 0):
 garbage-first heap   total 165888K, used 111566K [0x0000000080000000, 0x0000000100000000)
  region size 1024K, 1 young (1024K), 1 survivors (1024K)
 Metaspace       used 87977K, capacity 90179K, committed 90492K, reserved 1128448K
  class space    used 10920K, capacity 11659K, committed 11776K, reserved 1048576K
}
Event: 96.135 GC heap before
{Heap before GC invocations=56 (full 0):
 garbage-first heap   total 165888K, used 134094K [0x0000000080000000, 0x0000000100000000)
  region size 1024K, 24 young (24576K), 1 survivors (1024K)
 Metaspace       used 90095K, capacity 92259K, committed 92412K, reserved 1130496K
  class space    used 11099K, capacity 11819K, committed 11904K, reserved 1048576K
}
Event: 96.164 GC heap after
{Heap after GC invocations=57 (full 0):
 garbage-first heap   total 165888K, used 115036K [0x0000000080000000, 0x0000000100000000)
  region size 1024K, 3 young (3072K), 3 survivors (3072K)
 Metaspace       used 90095K, capacity 92259K, committed 92412K, reserved 1130496K
  class space    used 11099K, capacity 11819K, committed 11904K, reserved 1048576K
}
Event: 97.213 GC heap before
{Heap before GC invocations=58 (full 0):
 garbage-first heap   total 165888K, used 117084K [0x0000000080000000, 0x0000000100000000)
  region size 1024K, 24 young (24576K), 3 survivors (3072K)
 Metaspace       used 90494K, capacity 92739K, committed 92924K, reserved 1130496K
  class space    used 11122K, capacity 11851K, committed 11904K, reserved 1048576K
}
Event: 97.234 GC heap after
{Heap after GC invocations=59 (full 0):
 garbage-first heap   total 165888K, used 99328K [0x0000000080000000, 0x0000000100000000)
  region size 1024K, 3 young (3072K), 3 survivors (3072K)
 Metaspace       used 90494K, capacity 92739K, committed 92924K, reserved 1130496K
  class space    used 11122K, capacity 11851K, committed 11904K, reserved 1048576K
}
Event: 97.395 GC heap before
{Heap before GC invocations=59 (full 0):
 garbage-first heap   total 165888K, used 104448K [0x0000000080000000, 0x0000000100000000)
  region size 1024K, 8 young (8192K), 3 survivors (3072K)
 Metaspace       used 90500K, capacity 92739K, committed 92924K, reserved 1130496K
  class space    used 11122K, capacity 11851K, committed 11904K, reserved 1048576K
}
Event: 97.430 GC heap after
{Heap after GC invocations=60 (full 0):
 garbage-first heap   total 165888K, used 89368K [0x0000000080000000, 0x0000000100000000)
  region size 1024K, 1 young (1024K), 1 survivors (1024K)
 Metaspace       used 90500K, capacity 92739K, committed 92924K, reserved 1130496K
  class space    used 11122K, capacity 11851K, committed 11904K, reserved 1048576K
}
Event: 98.070 GC heap before
{Heap before GC invocations=60 (full 0):
 garbage-first heap   total 165888K, used 119064K [0x0000000080000000, 0x0000000100000000)
  region size 1024K, 30 young (30720K), 1 survivors (1024K)
 Metaspace       used 90535K, capacity 92739K, committed 92924K, reserved 1130496K
  class space    used 11122K, capacity 11851K, committed 11904K, reserved 1048576K
}
Event: 98.084 GC heap after
{Heap after GC invocations=61 (full 0):
 garbage-first heap   total 204800K, used 89407K [0x0000000080000000, 0x0000000100000000)
  region size 1024K, 1 young (1024K), 1 survivors (1024K)
 Metaspace       used 90535K, capacity 92739K, committed 92924K, reserved 1130496K
  class space    used 11122K, capacity 11851K, committed 11904K, reserved 1048576K
}
Event: 103.703 GC heap before
{Heap before GC invocations=62 (full 0):
 garbage-first heap   total 304128K, used 279871K [0x0000000080000000, 0x0000000100000000)
  region size 1024K, 47 young (48128K), 1 survivors (1024K)
 Metaspace       used 91224K, capacity 93449K, committed 93564K, reserved 1130496K
  class space    used 11181K, capacity 11930K, committed 12032K, reserved 1048576K
}
Event: 103.757 GC heap after
{Heap after GC invocations=63 (full 0):
 garbage-first heap   total 304128K, used 88096K [0x0000000080000000, 0x0000000100000000)
  region size 1024K, 3 young (3072K), 3 survivors (3072K)
 Metaspace       used 91224K, capacity 93449K, committed 93564K, reserved 1130496K
  class space    used 11181K, capacity 11930K, committed 12032K, reserved 1048576K
}
Event: 104.193 GC heap before
{Heap before GC invocations=63 (full 0):
 garbage-first heap   total 304128K, used 98336K [0x0000000080000000, 0x0000000100000000)
  region size 1024K, 14 young (14336K), 3 survivors (3072K)
 Metaspace       used 91227K, capacity 93449K, committed 93564K, reserved 1130496K
  class space    used 11181K, capacity 11930K, committed 12032K, reserved 1048576K
}
Event: 104.203 GC heap after
{Heap after GC invocations=64 (full 0):
 garbage-first heap   total 304128K, used 88808K [0x0000000080000000, 0x0000000100000000)
  region size 1024K, 1 young (1024K), 1 survivors (1024K)
 Metaspace       used 91227K, capacity 93449K, committed 93564K, reserved 1130496K
  class space    used 11181K, capacity 11930K, committed 12032K, reserved 1048576K
}
Event: 108.427 GC heap before
{Heap before GC invocations=64 (full 0):
 garbage-first heap   total 304128K, used 180968K [0x0000000080000000, 0x0000000100000000)
  region size 1024K, 91 young (93184K), 1 survivors (1024K)
 Metaspace       used 95317K, capacity 97517K, committed 97532K, reserved 1134592K
  class space    used 11682K, capacity 12406K, committed 12416K, reserved 1048576K
}
Event: 108.454 GC heap after
{Heap after GC invocations=65 (full 0):
 garbage-first heap   total 304128K, used 94176K [0x0000000080000000, 0x0000000100000000)
  region size 1024K, 6 young (6144K), 6 survivors (6144K)
 Metaspace       used 95317K, capacity 97517K, committed 97532K, reserved 1134592K
  class space    used 11682K, capacity 12406K, committed 12416K, reserved 1048576K
}
Event: 117.211 GC heap before
{Heap before GC invocations=65 (full 0):
 garbage-first heap   total 304128K, used 195552K [0x0000000080000000, 0x0000000100000000)
  region size 1024K, 106 young (108544K), 6 survivors (6144K)
 Metaspace       used 96489K, capacity 98713K, committed 99068K, reserved 1136640K
  class space    used 11790K, capacity 12548K, committed 12672K, reserved 1048576K
}
Event: 117.266 GC heap after
{Heap after GC invocations=66 (full 0):
 garbage-first heap   total 304128K, used 100343K [0x0000000080000000, 0x0000000100000000)
  region size 1024K, 12 young (12288K), 12 survivors (12288K)
 Metaspace       used 96489K, capacity 98713K, committed 99068K, reserved 1136640K
  class space    used 11790K, capacity 12548K, committed 12672K, reserved 1048576K
}
Event: 153.351 GC heap before
{Heap before GC invocations=66 (full 0):
 garbage-first heap   total 304128K, used 208887K [0x0000000080000000, 0x0000000100000000)
  region size 1024K, 119 young (121856K), 12 survivors (12288K)
 Metaspace       used 102161K, capacity 104562K, committed 104700K, reserved 1140736K
  class space    used 12549K, capacity 13365K, committed 13440K, reserved 1048576K
}
Event: 153.402 GC heap after
{Heap after GC invocations=67 (full 0):
 garbage-first heap   total 304128K, used 104489K [0x0000000080000000, 0x0000000100000000)
  region size 1024K, 11 young (11264K), 11 survivors (11264K)
 Metaspace       used 102161K, capacity 104562K, committed 104700K, reserved 1140736K
  class space    used 12549K, capacity 13365K, committed 13440K, reserved 1048576K
}

Deoptimization events (20 events):
Event: 157.215 Thread 0x000000005f563000 DEOPT PACKING pc=0x000000000e1b7f98 sp=0x000000007490cc20
Event: 157.215 Thread 0x000000005f563000 DEOPT UNPACKING pc=0x0000000005e265a9 sp=0x000000007490cbc8 mode 2
Event: 157.215 Thread 0x000000005f563000 Uncommon trap: trap_request=0xffffffc6 fr.pc=0x000000000e1ca7d8 relative=0x0000000000000558
Event: 157.215 Thread 0x000000005f563000 Uncommon trap: reason=bimorphic_or_optimized_type_check action=maybe_recompile pc=0x000000000e1ca7d8 method=com.android.tools.r8.s.a.a.b.M0.hasNext()Z @ 9 c2
Event: 157.215 Thread 0x000000005f563000 DEOPT PACKING pc=0x000000000e1ca7d8 sp=0x000000007490cc10
Event: 157.215 Thread 0x000000005f563000 DEOPT UNPACKING pc=0x0000000005e265a9 sp=0x000000007490cb70 mode 2
Event: 157.215 Thread 0x000000005f563000 Uncommon trap: trap_request=0xffffffc6 fr.pc=0x000000000e1b7f70 relative=0x0000000000000390
Event: 157.215 Thread 0x000000005f563000 Uncommon trap: reason=bimorphic_or_optimized_type_check action=maybe_recompile pc=0x000000000e1b7f70 method=com.android.tools.r8.s.a.a.b.M0.hasNext()Z @ 9 c2
Event: 157.215 Thread 0x000000005f563000 DEOPT PACKING pc=0x000000000e1b7f70 sp=0x000000007490cc20
Event: 157.215 Thread 0x000000005f563000 DEOPT UNPACKING pc=0x0000000005e265a9 sp=0x000000007490cbd0 mode 2
Event: 157.215 Thread 0x000000005f563000 Uncommon trap: trap_request=0xffffffc6 fr.pc=0x000000000e1ca7d8 relative=0x0000000000000558
Event: 157.215 Thread 0x000000005f563000 Uncommon trap: reason=bimorphic_or_optimized_type_check action=maybe_recompile pc=0x000000000e1ca7d8 method=com.android.tools.r8.s.a.a.b.M0.hasNext()Z @ 9 c2
Event: 157.215 Thread 0x000000005f563000 DEOPT PACKING pc=0x000000000e1ca7d8 sp=0x000000007490cc10
Event: 157.215 Thread 0x000000005f563000 DEOPT UNPACKING pc=0x0000000005e265a9 sp=0x000000007490cb70 mode 2
Event: 157.639 Thread 0x000000005f563000 DEOPT PACKING pc=0x0000000008535fab sp=0x000000007490c7b0
Event: 157.639 Thread 0x000000005f563000 DEOPT UNPACKING pc=0x0000000005e263bf sp=0x000000007490bc58 mode 0
Event: 157.864 Thread 0x000000005f563000 DEOPT PACKING pc=0x0000000008535fab sp=0x000000007490c7b0
Event: 157.864 Thread 0x000000005f563000 DEOPT UNPACKING pc=0x0000000005e263bf sp=0x000000007490bc58 mode 0
Event: 158.322 Thread 0x000000005f563000 DEOPT PACKING pc=0x0000000008415f06 sp=0x000000007490c100
Event: 158.322 Thread 0x000000005f563000 DEOPT UNPACKING pc=0x0000000005e263bf sp=0x000000007490b630 mode 0

Classes redefined (0 events):
No events

Internal exceptions (20 events):
Event: 124.095 Thread 0x0000000060153000 Exception <a 'java/lang/NoSuchMethodError'{0x000000008de77540}: <clinit>> (0x000000008de77540) thrown at [./src/hotspot/share/prims/jni.cpp, line 1362]
Event: 124.277 Thread 0x0000000060153000 Exception <a 'java/lang/NoSuchMethodError'{0x000000008dc12140}: <clinit>> (0x000000008dc12140) thrown at [./src/hotspot/share/prims/jni.cpp, line 1362]
Event: 125.284 Thread 0x0000000070463800 Exception <a 'java/lang/NoSuchMethodError'{0x000000008dbf6020}: 'java.lang.Object java.lang.invoke.DirectMethodHandle$Holder.invokeStatic(java.lang.Object, java.lang.Object, java.lang.Object, java.lang.Object, java.lang.Object, java.lang.Object, java.lang.Object, java.lang.Object, java.lang.Object, java.lang.Object, java.lang.Object, java.lang.Object, java.lang.Object, int)'> (0x000000008dbf6020) thrown at [./src/hotspot/share/interpreter/linkResolver.cpp, line 773]
Event: 125.288 Thread 0x0000000070463800 Exception <a 'java/lang/NoSuchMethodError'{0x000000008da02f30}: 'java.lang.Object java.lang.invoke.DirectMethodHandle$Holder.invokeStatic(java.lang.Object, java.lang.Object, java.lang.Object, java.lang.Object, java.lang.Object, java.lang.Object, java.lang.Object, java.lang.Object, java.lang.Object, java.lang.Object, java.lang.Object, java.lang.Object, java.lang.Object, int, int)'> (0x000000008da02f30) thrown at [./src/hotspot/share/interpreter/linkResolver.cpp, line 773]
Event: 153.043 Thread 0x0000000060153000 Implicit null exception at 0x000000000df8a5e2 to 0x000000000df8ae24
Event: 153.908 Thread 0x0000000060153000 Implicit null exception at 0x000000000dc424e6 to 0x000000000dc42664
Event: 153.949 Thread 0x0000000063f0b800 Exception <a 'java/lang/NoSuchMethodError'{0x00000000916f6e00}: <clinit>> (0x00000000916f6e00) thrown at [./src/hotspot/share/prims/jni.cpp, line 1362]
Event: 154.027 Thread 0x0000000060153000 Exception <a 'sun/nio/fs/WindowsException'{0x000000009146b1d8}> (0x000000009146b1d8) thrown at [./src/hotspot/share/prims/jni.cpp, line 615]
Event: 154.027 Thread 0x0000000060153000 Exception <a 'sun/nio/fs/WindowsException'{0x000000009146c640}> (0x000000009146c640) thrown at [./src/hotspot/share/prims/jni.cpp, line 615]
Event: 154.469 Thread 0x0000000060153000 Exception <a 'sun/nio/fs/WindowsException'{0x00000000911f8638}> (0x00000000911f8638) thrown at [./src/hotspot/share/prims/jni.cpp, line 615]
Event: 154.494 Thread 0x0000000060153000 Exception <a 'java/lang/NoSuchMethodError'{0x00000000910b3e28}: <clinit>> (0x00000000910b3e28) thrown at [./src/hotspot/share/prims/jni.cpp, line 1362]
Event: 154.928 Thread 0x000000005f563000 Exception <a 'java/lang/NoSuchMethodError'{0x0000000090177218}: 'int java.lang.invoke.DirectMethodHandle$Holder.invokeVirtual(java.lang.Object, java.lang.Object, java.lang.Object)'> (0x0000000090177218) thrown at [./src/hotspot/share/interpreter/linkResolver.cpp, line 773]
Event: 155.015 Thread 0x000000005f563000 Exception <a 'java/lang/NoSuchMethodError'{0x000000008ff6b858}: 'java.lang.Object java.lang.invoke.DirectMethodHandle$Holder.invokeStatic(java.lang.Object, java.lang.Object, java.lang.Object, java.lang.Object, java.lang.Object, java.lang.Object, java.lang.Object, java.lang.Object, java.lang.Object, java.lang.Object, java.lang.Object, java.lang.Object, java.lang.Object, java.lang.Object, java.lang.Object, java.lang.Object, java.lang.Object, int, java.lang.Object)'> (0x000000008ff6b858) thrown at [./src/hots
Event: 155.015 Thread 0x000000005f563000 Exception <a 'java/lang/NoSuchMethodError'{0x000000008ff70ea8}: 'java.lang.Object java.lang.invoke.DirectMethodHandle$Holder.invokeStaticInit(java.lang.Object, java.lang.Object, java.lang.Object, java.lang.Object, java.lang.Object, java.lang.Object, java.lang.Object, java.lang.Object, java.lang.Object, java.lang.Object, java.lang.Object, java.lang.Object, java.lang.Object, java.lang.Object, java.lang.Object, java.lang.Object, java.lang.Object, int, java.lang.Object)'> (0x000000008ff70ea8) thrown at [./src/
Event: 155.791 Thread 0x000000005f563000 Exception <a 'java/lang/NoSuchMethodError'{0x000000008eeeab88}: 'void java.lang.invoke.DirectMethodHandle$Holder.invokeStatic(java.lang.Object, java.lang.Object, java.lang.Object, int)'> (0x000000008eeeab88) thrown at [./src/hotspot/share/interpreter/linkResolver.cpp, line 773]
Event: 155.793 Thread 0x000000005f563000 Exception <a 'java/lang/IncompatibleClassChangeError'{0x000000008eef2ad8}: Found class java.lang.Object, but interface was expected> (0x000000008eef2ad8) thrown at [./src/hotspot/share/interpreter/linkResolver.cpp, line 839]
Event: 156.353 Thread 0x000000005f563000 Exception <a 'java/lang/NoSuchMethodError'{0x000000008e66d5e8}: 'long java.lang.invoke.DirectMethodHandle$Holder.invokeStatic(java.lang.Object, java.lang.Object)'> (0x000000008e66d5e8) thrown at [./src/hotspot/share/interpreter/linkResolver.cpp, line 773]
Event: 156.383 Thread 0x000000005f563000 Exception <a 'java/lang/NoSuchMethodError'{0x000000008e699358}: 'void java.lang.invoke.DirectMethodHandle$Holder.invokeSpecial(java.lang.Object, java.lang.Object, int, java.lang.Object)'> (0x000000008e699358) thrown at [./src/hotspot/share/interpreter/linkResolver.cpp, line 773]
Event: 157.014 Thread 0x000000005f563000 Exception <a 'java/lang/NoSuchMethodError'{0x000000008e3d29b8}: 'java.lang.Object java.lang.invoke.DirectMethodHandle$Holder.invokeVirtual(java.lang.Object, java.lang.Object, int, java.lang.Object)'> (0x000000008e3d29b8) thrown at [./src/hotspot/share/interpreter/linkResolver.cpp, line 773]
Event: 157.054 Thread 0x000000005f563000 Exception <a 'java/lang/NoSuchMethodError'{0x000000008e2763c0}: 'void java.lang.invoke.DirectMethodHandle$Holder.invokeVirtual(java.lang.Object, java.lang.Object, int, java.lang.Object)'> (0x000000008e2763c0) thrown at [./src/hotspot/share/interpreter/linkResolver.cpp, line 773]

Events (20 events):
Event: 157.298 loading class com/android/tools/r8/ir/regalloc/b
Event: 157.298 loading class com/android/tools/r8/ir/regalloc/b done
Event: 157.298 loading class com/android/tools/r8/ir/regalloc/a
Event: 157.298 loading class com/android/tools/r8/ir/regalloc/a done
Event: 157.300 loading class com/android/tools/r8/ir/conversion/C
Event: 157.300 loading class com/android/tools/r8/ir/conversion/C done
Event: 157.641 Executing VM operation: ICBufferFull
Event: 157.641 Executing VM operation: ICBufferFull done
Event: 157.982 loading class com/android/tools/r8/ir/regalloc/i
Event: 157.982 loading class com/android/tools/r8/ir/regalloc/i done
Event: 157.984 loading class com/android/tools/r8/ir/regalloc/g
Event: 157.984 loading class com/android/tools/r8/ir/regalloc/g done
Event: 157.986 loading class com/android/tools/r8/ir/regalloc/f
Event: 157.986 loading class com/android/tools/r8/ir/regalloc/f done
Event: 158.051 loading class com/android/tools/r8/ir/conversion/q
Event: 158.051 loading class com/android/tools/r8/ir/conversion/q done
Event: 158.226 Executing VM operation: ICBufferFull
Event: 158.227 Executing VM operation: ICBufferFull done
Event: 158.715 loading class com/android/tools/r8/r/o/o
Event: 158.715 loading class com/android/tools/r8/r/o/o done


Dynamic libraries:
0x000000013f220000 - 0x000000013f22a000 	C:\Program Files\Android\Android Studio\jre\bin\java.exe
0x00000000774e0000 - 0x0000000077689000 	C:\Windows\SYSTEM32\ntdll.dll
0x00000000773c0000 - 0x00000000774df000 	C:\Windows\system32\kernel32.dll
0x000007fefd5a0000 - 0x000007fefd60b000 	C:\Windows\system32\KERNELBASE.dll
0x000007fefa100000 - 0x000007fefa119000 	C:\Program Files\Android\Android Studio\jre\bin\jli.dll
0x000007fefbd90000 - 0x000007fefbf84000 	C:\Windows\WinSxS\amd64_microsoft.windows.common-controls_6595b64144ccf1df_6.0.7601.17514_none_fa396087175ac9ac\COMCTL32.dll
0x000007fefd7d0000 - 0x000007fefd86f000 	C:\Windows\system32\msvcrt.dll
0x000007feff780000 - 0x000007feff7e7000 	C:\Windows\system32\GDI32.dll
0x00000000772c0000 - 0x00000000773ba000 	C:\Windows\system32\USER32.dll
0x000007fefda40000 - 0x000007fefda4e000 	C:\Windows\system32\LPK.dll
0x000007fefdae0000 - 0x000007fefdba9000 	C:\Windows\system32\USP10.dll
0x000007fefeb70000 - 0x000007fefebe1000 	C:\Windows\system32\SHLWAPI.dll
0x000007fef8520000 - 0x000007fef8537000 	C:\Program Files\Android\Android Studio\jre\bin\VCRUNTIME140.dll
0x000007fefabd0000 - 0x000007fefabd4000 	C:\Windows\system32\api-ms-win-crt-runtime-l1-1-0.dll
0x000007feed1b0000 - 0x000007feed2a4000 	C:\Windows\system32\ucrtbase.DLL
0x000007feeae00000 - 0x000007feeae03000 	C:\Windows\system32\api-ms-win-core-timezone-l1-1-0.dll
0x000007feeadf0000 - 0x000007feeadf3000 	C:\Windows\system32\api-ms-win-core-file-l2-1-0.dll
0x000007feeadd0000 - 0x000007feeadd3000 	C:\Windows\system32\api-ms-win-core-localization-l1-2-0.dll
0x000007fefa0c0000 - 0x000007fefa0c3000 	C:\Windows\system32\api-ms-win-core-synch-l1-2-0.dll
0x000007feea3c0000 - 0x000007feea3c3000 	C:\Windows\system32\api-ms-win-core-processthreads-l1-1-1.dll
0x000007feea3a0000 - 0x000007feea3a3000 	C:\Windows\system32\api-ms-win-core-file-l1-2-0.dll
0x000007fee9750000 - 0x000007fee9754000 	C:\Windows\system32\api-ms-win-crt-string-l1-1-0.dll
0x000007fee9830000 - 0x000007fee9833000 	C:\Windows\system32\api-ms-win-crt-heap-l1-1-0.dll
0x000007fee9740000 - 0x000007fee9744000 	C:\Windows\system32\api-ms-win-crt-stdio-l1-1-0.dll
0x000007fee9610000 - 0x000007fee9614000 	C:\Windows\system32\api-ms-win-crt-convert-l1-1-0.dll
0x000007feed030000 - 0x000007feed033000 	C:\Windows\system32\api-ms-win-crt-environment-l1-1-0.dll
0x000007feed050000 - 0x000007feed053000 	C:\Windows\system32\api-ms-win-crt-filesystem-l1-1-0.dll
0x000007feed020000 - 0x000007feed025000 	C:\Windows\system32\api-ms-win-crt-math-l1-1-0.dll
0x000007feed060000 - 0x000007feed063000 	C:\Windows\system32\api-ms-win-crt-locale-l1-1-0.dll
0x000007feff040000 - 0x000007feff06e000 	C:\Windows\system32\IMM32.DLL
0x000007fefef30000 - 0x000007feff039000 	C:\Windows\system32\MSCTF.dll
0x000007fee9060000 - 0x000007fee90fd000 	C:\Program Files\Android\Android Studio\jre\bin\msvcp140.dll
0x000007feeb010000 - 0x000007feeb015000 	C:\Windows\system32\api-ms-win-crt-multibyte-l1-1-0.dll
0x000007feed040000 - 0x000007feed043000 	C:\Windows\system32\api-ms-win-crt-time-l1-1-0.dll
0x000007feed010000 - 0x000007feed013000 	C:\Windows\system32\api-ms-win-crt-utility-l1-1-0.dll
0x000007fef4600000 - 0x000007fef50bc000 	C:\Program Files\Android\Android Studio\jre\bin\server\jvm.dll
0x000007feff0d0000 - 0x000007feff1ab000 	C:\Windows\system32\ADVAPI32.dll
0x000007fefdaa0000 - 0x000007fefdabf000 	C:\Windows\SYSTEM32\sechost.dll
0x000007fefebf0000 - 0x000007fefed1d000 	C:\Windows\system32\RPCRT4.dll
0x000007fef6910000 - 0x000007fef6919000 	C:\Windows\system32\WSOCK32.dll
0x000007fefda50000 - 0x000007fefda9d000 	C:\Windows\system32\WS2_32.dll
0x000007fefd9b0000 - 0x000007fefd9b8000 	C:\Windows\system32\NSI.dll
0x000007fefb120000 - 0x000007fefb15b000 	C:\Windows\system32\WINMM.dll
0x000007fefc420000 - 0x000007fefc42c000 	C:\Windows\system32\VERSION.dll
0x00000000776a0000 - 0x00000000776a7000 	C:\Windows\system32\PSAPI.DLL
0x000007fef7da0000 - 0x000007fef7db1000 	C:\Program Files\Android\Android Studio\jre\bin\verify.dll
0x000007feed080000 - 0x000007feed1a5000 	C:\Windows\system32\DBGHELP.DLL
0x000007fef5c30000 - 0x000007fef5c59000 	C:\Program Files\Android\Android Studio\jre\bin\java.dll
0x000007fef6b50000 - 0x000007fef6b5b000 	C:\Program Files\Android\Android Studio\jre\bin\jimage.dll
0x000007fef5b90000 - 0x000007fef5ba8000 	C:\Program Files\Android\Android Studio\jre\bin\zip.dll
0x000007fefdbb0000 - 0x000007fefe938000 	C:\Windows\system32\SHELL32.dll
0x000007fefed20000 - 0x000007fefef23000 	C:\Windows\system32\ole32.dll
0x000007fefd2c0000 - 0x000007fefd2cf000 	C:\Windows\system32\profapi.dll
0x000007fef5b70000 - 0x000007fef5b8a000 	C:\Program Files\Android\Android Studio\jre\bin\net.dll
0x000007fef91c0000 - 0x000007fef9231000 	C:\Windows\system32\WINHTTP.dll
0x000007fef9150000 - 0x000007fef91b4000 	C:\Windows\system32\webio.dll
0x000007fefcb30000 - 0x000007fefcb85000 	C:\Windows\system32\mswsock.dll
0x000007fefcb20000 - 0x000007fefcb27000 	C:\Windows\System32\wship6.dll
0x000007fef5b50000 - 0x000007fef5b64000 	C:\Program Files\Android\Android Studio\jre\bin\nio.dll
0x000007fef8540000 - 0x000007fef8567000 	C:\Users\Sarbador\.gradle\native\fdc75f09e3144964f2cf3f50f0aa648679c211496f362492102eb8c894070792\windows-amd64\native-platform.dll
0x000007feccb20000 - 0x000007fecccb6000 	C:\Users\Sarbador\.gradle\native\12488b8bf47d2d4c9fbf2f6322a914ad602e24e48041cd04a747c6da556b65c4\windows-amd64\native-platform-file-events.dll
0x000007fef5c20000 - 0x000007fef5c2a000 	C:\Program Files\Android\Android Studio\jre\bin\management.dll
0x000007fef5b40000 - 0x000007fef5b4c000 	C:\Program Files\Android\Android Studio\jre\bin\management_ext.dll
0x000007fefcb90000 - 0x000007fefcba8000 	C:\Windows\system32\CRYPTSP.dll
0x000007fefc850000 - 0x000007fefc897000 	C:\Windows\system32\rsaenh.dll
0x000007fefc600000 - 0x000007fefc61e000 	C:\Windows\system32\USERENV.dll
0x000007fefd1f0000 - 0x000007fefd1ff000 	C:\Windows\system32\CRYPTBASE.dll
0x000007fefadb0000 - 0x000007fefadd7000 	C:\Windows\system32\IPHLPAPI.DLL
0x000007fefada0000 - 0x000007fefadab000 	C:\Windows\system32\WINNSI.DLL
0x000007fefab60000 - 0x000007fefab78000 	C:\Windows\system32\dhcpcsvc.DLL
0x000007fefab40000 - 0x000007fefab51000 	C:\Windows\system32\dhcpcsvc6.DLL
0x000007fefd190000 - 0x000007fefd1e7000 	C:\Windows\system32\apphelp.dll
0x000007fef7bc0000 - 0x000007fef7bde000 	C:\Users\Sarbador\AppData\Local\Temp\native-platform3986162856289098577dir\native-platform.dll
0x000007fefa4e0000 - 0x000007fefa4e8000 	C:\Program Files\Android\Android Studio\jre\bin\rmi.dll

dbghelp: loaded successfully - version: 4.0.5 - missing functions: none
symbol engine: initialized successfully - sym options: 0x614 - pdb path: .;C:\Program Files\Android\Android Studio\jre\bin;C:\Windows\SYSTEM32;C:\Windows\WinSxS\amd64_microsoft.windows.common-controls_6595b64144ccf1df_6.0.7601.17514_none_fa396087175ac9ac;C:\Program Files\Android\Android Studio\jre\bin\server;C:\Users\Sarbador\.gradle\native\fdc75f09e3144964f2cf3f50f0aa648679c211496f362492102eb8c894070792\windows-amd64;C:\Users\Sarbador\.gradle\native\12488b8bf47d2d4c9fbf2f6322a914ad602e24e48041cd04a747c6da556b65c4\windows-amd64;C:\Users\Sarbador\AppData\Local\Temp\native-platform3986162856289098577dir

VM Arguments:
jvm_args: --add-opens=java.base/java.util=ALL-UNNAMED --add-opens=java.base/java.lang=ALL-UNNAMED --add-opens=java.base/java.lang.invoke=ALL-UNNAMED --add-opens=java.prefs/java.util.prefs=ALL-UNNAMED -Xmx2048m -Dfile.encoding=UTF-8 -Duser.country=RU -Duser.language=ru -Duser.variant 
java_command: org.gradle.launcher.daemon.bootstrap.GradleDaemon 6.7.1
java_class_path (initial): C:\Users\Sarbador\.gradle\wrapper\dists\gradle-6.7.1-bin\bwlcbys1h7rz3272sye1xwiv6\gradle-6.7.1\lib\gradle-launcher-6.7.1.jar
Launcher Type: SUN_STANDARD

[Global flags]
     intx CICompilerCount                          = 2                                         {product} {ergonomic}
     uint ConcGCThreads                            = 1                                         {product} {ergonomic}
     uint G1ConcRefinementThreads                  = 2                                         {product} {ergonomic}
   size_t G1HeapRegionSize                         = 1048576                                   {product} {ergonomic}
    uintx GCDrainStackTargetSize                   = 64                                        {product} {ergonomic}
   size_t InitialHeapSize                          = 48234496                                  {product} {ergonomic}
   size_t MarkStackSize                            = 4194304                                   {product} {ergonomic}
   size_t MaxHeapSize                              = 2147483648                                {product} {command line}
   size_t MaxNewSize                               = 1287651328                                {product} {ergonomic}
   size_t MinHeapDeltaBytes                        = 1048576                                   {product} {ergonomic}
    uintx NonNMethodCodeHeapSize                   = 5825164                                {pd product} {ergonomic}
    uintx NonProfiledCodeHeapSize                  = 122916538                              {pd product} {ergonomic}
    uintx ProfiledCodeHeapSize                     = 122916538                              {pd product} {ergonomic}
    uintx ReservedCodeCacheSize                    = 251658240                              {pd product} {ergonomic}
     bool SegmentedCodeCache                       = true                                      {product} {ergonomic}
     bool UseCompressedClassPointers               = true                                 {lp64_product} {ergonomic}
     bool UseCompressedOops                        = true                                 {lp64_product} {ergonomic}
     bool UseG1GC                                  = true                                      {product} {ergonomic}
     bool UseLargePagesIndividualAllocation        = false                                  {pd product} {ergonomic}

Logging:
Log output configuration:
 #0: stdout all=warning uptime,level,tags
 #1: stderr all=off uptime,level,tags

Environment Variables:
PATH=C:\Program Files (x86)\Common Files\Intel\Shared Libraries\redist\intel64\compiler;C:\Program Files\Common Files\Oracle\Java\javapath;C:\Program Files (x86)\NVIDIA Corporation\PhysX\Common;C:\Windows\system32;C:\Windows;C:\Windows\System32\Wbem;C:\Windows\System32\WindowsPowerShell\v1.0\;C:\Program Files\WIDCOMM\Bluetooth Software\;C:\Program Files\WIDCOMM\Bluetooth Software\syswow64;C:\xampp\php;C:\ProgramData\ComposerSetup\bin;C:\Program Files\nodejs\;C:\Program Files\Git\cmd;C:\Users\Sarbador\AppData\Local\Android\Sdk\platform-tools;C:\Program Files\dotnet\;C:\Users\Sarbador\AppData\Local\Programs\Microsoft VS Code\bin;C:\Users\Sarbador\AppData\Roaming\Composer\vendor\bin;C:\Users\Sarbador\AppData\Roaming\npm;C:\Program Files\JetBrains\IntelliJ IDEA Community Edition 2021.1.3\bin;;C:\Users\Sarbador\.dotnet\tools
USERNAME=Sarbador
OS=Windows_NT
PROCESSOR_IDENTIFIER=Intel64 Family 6 Model 37 Stepping 5, GenuineIntel



---------------  S Y S T E M  ---------------

OS: Windows 7 , 64 bit Build 7601 (6.1.7601.18015)
OS uptime: 0 days 0:34 hours

CPU:total 2 (initial active 2) (2 cores per cpu, 1 threads per core) family 6 model 37 stepping 5, cmov, cx8, fxsr, mmx, sse, sse2, sse3, ssse3, popcnt, tsc, tscinvbit

Memory: 4k page, system-wide physical 2918M (81M free)
TotalPageFile size 11671M (AvailPageFile size 4M)
current process WorkingSet (physical memory assigned to process): 536M, peak: 570M
current process commit charge ("private bytes"): 614M, peak: 655M

vm_info: OpenJDK 64-Bit Server VM (11.0.8+10-b944.6842174) for windows-amd64 JRE (11.0.8+10-b944.6842174), built on Sep 19 2020 01:11:42 by "builder" with MS VC++ 14.0 (VS2015)

END.
